#
# There is insufficient memory for the Java Runtime Environment to continue.
# Native memory allocation (mmap) failed to map 44040192 bytes for Failed to commit area from 0x00000000a8f00000 to 0x00000000ab900000 of length 44040192.
# Possible reasons:
#   The system is out of physical RAM or swap space
#   The process is running with CompressedOops enabled, and the Java Heap may be blocking the growth of the native heap
# Possible solutions:
#   Reduce memory load on the system
#   Increase physical memory or swap space
#   Check if swap backing store is full
#   Decrease Java heap size (-Xmx/-Xms)
#   Decrease number of Java threads
#   Decrease Java thread stack sizes (-Xss)
#   Set larger code cache with -XX:ReservedCodeCacheSize=
#   JVM is running with Unscaled Compressed Oops mode in which the Java heap is
#     placed in the first 4GB address space. The Java Heap base address is the
#     maximum limit for the native heap growth. Please use -XX:HeapBaseMinAddress
#     to set the Java Heap base and to place the Java Heap above 4GB virtual address.
# This output file may be truncated or incomplete.
#
#  Out of Memory Error (./src/hotspot/os/windows/os_windows.cpp:3301), pid=19224, tid=19356
#
# JRE version: OpenJDK Runtime Environment (11.0.11+9) (build 11.0.11+9-b60-7590822)
# Java VM: OpenJDK 64-Bit Server VM (11.0.11+9-b60-7590822, mixed mode, tiered, compressed oops, g1 gc, windows-amd64)
# No core dump will be written. Minidumps are not enabled by default on client versions of Windows
#

---------------  S U M M A R Y ------------

Command Line: --add-opens=java.base/java.util=ALL-UNNAMED --add-opens=java.base/java.lang=ALL-UNNAMED --add-opens=java.base/java.lang.invoke=ALL-UNNAMED --add-opens=java.prefs/java.util.prefs=ALL-UNNAMED -Xmx1536M -Dfile.encoding=windows-1252 -Duser.country=US -Duser.language=en -Duser.variant org.gradle.launcher.daemon.bootstrap.GradleDaemon 6.7

Host: Intel(R) Core(TM) i5-4300U CPU @ 1.90GHz, 4 cores, 3G,  Windows 10 , 64 bit Build 19041 (10.0.19041.1706)
Time: Mon May 30 16:52:49 2022 W. Central Africa Standard Time elapsed time: 41.826947 seconds (0d 0h 0m 41s)

---------------  T H R E A D  ---------------

Current thread (0x0000022219730000):  VMThread "VM Thread" [stack: 0x000000a612a00000,0x000000a612b00000] [id=19356]

Stack: [0x000000a612a00000,0x000000a612b00000]
[error occurred during error reporting (printing stack bounds), id 0xc0000005, EXCEPTION_ACCESS_VIOLATION (0xc0000005) at pc=0x0000022203a40f2d]

Native frames: (J=compiled Java code, j=interpreted, Vv=VM code, C=native code)
V  [jvm.dll+0x5f214a]
V  [jvm.dll+0x726fb5]
V  [jvm.dll+0x7285cd]
V  [jvm.dll+0x728be5]
V  [jvm.dll+0x728b9b]
V  [jvm.dll+0x5f14e8]
V  [jvm.dll+0x5f1c78]
C  [ntdll.dll+0xa209f]
C  [ntdll.dll+0x51454]
C  [ntdll.dll+0xa0bce]
C  0x0000022203a40f2d

VM_Operation (0x000000a613ef9180): G1CollectForAllocation, mode: safepoint, requested by thread 0x000002221a97d000


---------------  P R O C E S S  ---------------

Threads class SMR info:
_java_thread_list=0x000002221ff11cf0, length=154, elements={
0x000002227eade800, 0x0000022219755000, 0x0000022219756000, 0x00000222197b8800,
0x00000222197b9800, 0x00000222197bb000, 0x00000222197be000, 0x00000222197c1000,
0x0000022219940000, 0x0000022219a30000, 0x000002221b032000, 0x000002221a8de800,
0x0000022219ebb800, 0x000002221af76000, 0x000002221a909000, 0x000002221a8dd800,
0x000002221a97d000, 0x000002221a94a800, 0x000002221a94b800, 0x000002221a8c7000,
0x000002221a8c8000, 0x000002221a8cd000, 0x000002221a8ce000, 0x000002221a8c9000,
0x000002221a8c9800, 0x000002221a8ca800, 0x000002221a8cb800, 0x000002221a8cc000,
0x000002221bc93000, 0x000002221bc8d800, 0x000002221bc8f000, 0x000002221bc90800,
0x000002221bc95800, 0x000002221bc90000, 0x000002221bc96800, 0x000002221bc97000,
0x000002221bc91800, 0x000002221bc99000, 0x000002221bc9a800, 0x000002221bc98000,
0x000002221bc9c000, 0x000002221bc99800, 0x000002221bc9b800, 0x000002221bf7c800,
0x000002221bf7f800, 0x000002221bf7e000, 0x000002221bf7d000, 0x000002221bf7f000,
0x000002221bf7b800, 0x000002221bf7a800, 0x000002221bf7a000, 0x000002221bf83800,
0x000002221bf84800, 0x000002221bf86000, 0x000002221bf81800, 0x000002221bf85800,
0x000002221bf83000, 0x000002221bf80800, 0x000002221bf88000, 0x000002221bf87000,
0x000002221bf82000, 0x000002221bf88800, 0x000002221bf8f000, 0x000002221bf8c800,
0x000002221bf8d000, 0x000002221bf8b800, 0x000002221bf8f800, 0x000002221bf8e000,
0x000002221bf8a800, 0x000002221bf8a000, 0x000002221bf94800, 0x000002221bf93000,
0x000002221bf90800, 0x000002221bf95800, 0x000002221bf92000, 0x000002221bf93800,
0x000002221bf91800, 0x000002221bf97000, 0x000002221bf96000, 0x000002221bf98000,
0x000002221bf98800, 0x000002221b73c000, 0x000002221b73d800, 0x000002221b73e800,
0x000002221b73f800, 0x000002221b740000, 0x000002221b741000, 0x000002221b741800,
0x000002221b742800, 0x000002221b73d000, 0x000002221b747800, 0x000002221b748800,
0x000002221b749000, 0x000002221b743800, 0x000002221b74a000, 0x000002221b746800,
0x000002221b744000, 0x000002221b746000, 0x000002221b74a800, 0x000002221b745000,
0x000002221e001000, 0x000002221e005000, 0x000002221e003800, 0x000002221e004800,
0x000002221e002000, 0x000002221dfff800, 0x000002221e006000, 0x000002221e003000,
0x000002221e000800, 0x000002221e00b000, 0x000002221e009800, 0x000002221e00c800,
0x000002221e00a000, 0x000002221e008800, 0x000002221e00b800, 0x000002221e007000,
0x000002221e00d800, 0x000002221e007800, 0x000002221e00e000, 0x000002221e342800,
0x000002221e345000, 0x000002221e347800, 0x000002221e347000, 0x000002221e344800,
0x000002221e342000, 0x000002221e346000, 0x000002221e349000, 0x000002221e348800,
0x000002221e343800, 0x000002221e34b000, 0x000002221e34d800, 0x000002221e34a000,
0x000002221e34b800, 0x000002221e34f000, 0x000002221e34f800, 0x000002221e350800,
0x000002221e34c800, 0x000002221e34e000, 0x000002221be42800, 0x000002221be44800,
0x000002221be41000, 0x000002221be40800, 0x000002221be43800, 0x000002221be45000,
0x000002221be46000, 0x000002221be42000, 0x000002221be4c800, 0x000002221be47000,
0x000002221be48800, 0x000002221be49800, 0x000002221be4d800, 0x000002221be47800,
0x000002221be4e000, 0x000002221be4b000
}

Java Threads: ( => current thread )
  0x000002227eade800 JavaThread "main" [_thread_blocked, id=19284, stack(0x000000a612400000,0x000000a612500000)]
  0x0000022219755000 JavaThread "Reference Handler" daemon [_thread_blocked, id=19360, stack(0x000000a612b00000,0x000000a612c00000)]
  0x0000022219756000 JavaThread "Finalizer" daemon [_thread_blocked, id=19316, stack(0x000000a612c00000,0x000000a612d00000)]
  0x00000222197b8800 JavaThread "Signal Dispatcher" daemon [_thread_blocked, id=19240, stack(0x000000a612d00000,0x000000a612e00000)]
  0x00000222197b9800 JavaThread "Attach Listener" daemon [_thread_blocked, id=17448, stack(0x000000a612e00000,0x000000a612f00000)]
  0x00000222197bb000 JavaThread "Service Thread" daemon [_thread_blocked, id=3044, stack(0x000000a612f00000,0x000000a613000000)]
  0x00000222197be000 JavaThread "C2 CompilerThread0" daemon [_thread_in_native, id=10628, stack(0x000000a613000000,0x000000a613100000)]
  0x00000222197c1000 JavaThread "C1 CompilerThread0" daemon [_thread_blocked, id=14748, stack(0x000000a613100000,0x000000a613200000)]
  0x0000022219940000 JavaThread "Sweeper thread" daemon [_thread_blocked, id=15292, stack(0x000000a613200000,0x000000a613300000)]
  0x0000022219a30000 JavaThread "Common-Cleaner" daemon [_thread_blocked, id=15144, stack(0x000000a613300000,0x000000a613400000)]
  0x000002221b032000 JavaThread "Daemon health stats" [_thread_blocked, id=19444, stack(0x000000a613600000,0x000000a613700000)]
  0x000002221a8de800 JavaThread "Incoming local TCP Connector on port 64179" [_thread_in_native, id=1136, stack(0x000000a613900000,0x000000a613a00000)]
  0x0000022219ebb800 JavaThread "Daemon periodic checks" [_thread_blocked, id=19416, stack(0x000000a613a00000,0x000000a613b00000)]
  0x000002221af76000 JavaThread "Daemon" [_thread_blocked, id=19376, stack(0x000000a613b00000,0x000000a613c00000)]
  0x000002221a909000 JavaThread "Handler for socket connection from /127.0.0.1:64179 to /127.0.0.1:64180" [_thread_in_native, id=19312, stack(0x000000a613c00000,0x000000a613d00000)]
  0x000002221a8dd800 JavaThread "Cancel handler" [_thread_blocked, id=7148, stack(0x000000a613d00000,0x000000a613e00000)]
  0x000002221a97d000 JavaThread "Daemon worker" [_thread_blocked, id=18372, stack(0x000000a613e00000,0x000000a613f00000)]
  0x000002221a94a800 JavaThread "Asynchronous log dispatcher for DefaultDaemonConnection: socket connection from /127.0.0.1:64179 to /127.0.0.1:64180" [_thread_blocked, id=19396, stack(0x000000a613f00000,0x000000a614000000)]
  0x000002221a94b800 JavaThread "Stdin handler" [_thread_blocked, id=11548, stack(0x000000a614000000,0x000000a614100000)]
  0x000002221a8c7000 JavaThread "Thread-8" [_thread_blocked, id=18452, stack(0x000000a614100000,0x000000a614200000)]
  0x000002221a8c8000 JavaThread "Cache worker for file hash cache (C:\Users\Anass\.gradle\caches\6.7\fileHashes)" [_thread_blocked, id=13940, stack(0x000000a614400000,0x000000a614500000)]
  0x000002221a8cd000 JavaThread "File lock request listener" [_thread_in_native, id=17896, stack(0x000000a614500000,0x000000a614600000)]
  0x000002221a8ce000 JavaThread "Cache worker for journal cache (C:\Users\Anass\.gradle\caches\journal-1)" [_thread_blocked, id=18636, stack(0x000000a614600000,0x000000a614700000)]
  0x000002221a8c9000 JavaThread "Cache worker for file hash cache (C:\Users\Anass\Developpement\Rento\android\.gradle\6.7\fileHashes)" [_thread_blocked, id=9192, stack(0x000000a614700000,0x000000a614800000)]
  0x000002221a8c9800 JavaThread "Cache worker for checksums cache (C:\Users\Anass\Developpement\Rento\android\.gradle\checksums)" [_thread_blocked, id=11892, stack(0x000000a614800000,0x000000a614900000)]
  0x000002221a8ca800 JavaThread "Cache worker for cache directory md-supplier (C:\Users\Anass\.gradle\caches\6.7\md-supplier)" [_thread_blocked, id=8672, stack(0x000000a614900000,0x000000a614a00000)]
  0x000002221a8cb800 JavaThread "Cache worker for cache directory md-rule (C:\Users\Anass\.gradle\caches\6.7\md-rule)" [_thread_blocked, id=18624, stack(0x000000a614a00000,0x000000a614b00000)]
  0x000002221a8cc000 JavaThread "Cache worker for execution history cache (C:\Users\Anass\.gradle\caches\6.7\executionHistory)" [_thread_blocked, id=3876, stack(0x000000a614b00000,0x000000a614c00000)]
  0x000002221bc93000 JavaThread "jar transforms" [_thread_blocked, id=17900, stack(0x000000a614c00000,0x000000a614d00000)]
  0x000002221bc8d800 JavaThread "Cache worker for file content cache (C:\Users\Anass\.gradle\caches\6.7\fileContent)" [_thread_blocked, id=12244, stack(0x000000a614d00000,0x000000a614e00000)]
  0x000002221bc8f000 JavaThread "Cache worker for Build Output Cleanup Cache (C:\Users\Anass\Developpement\Rento\android\.gradle\buildOutputCleanup)" [_thread_blocked, id=18108, stack(0x000000a614e00000,0x000000a614f00000)]
  0x000002221bc90800 JavaThread "Build operations" [_thread_blocked, id=18292, stack(0x000000a614f00000,0x000000a615000000)]
  0x000002221bc95800 JavaThread "Build operations Thread 2" [_thread_blocked, id=18196, stack(0x000000a615000000,0x000000a615100000)]
  0x000002221bc90000 JavaThread "Build operations Thread 3" [_thread_blocked, id=19432, stack(0x000000a615100000,0x000000a615200000)]
  0x000002221bc96800 JavaThread "Build operations Thread 4" [_thread_blocked, id=10068, stack(0x000000a615200000,0x000000a615300000)]
  0x000002221bc97000 JavaThread "jar transforms Thread 2" [_thread_blocked, id=14896, stack(0x000000a615300000,0x000000a615400000)]
  0x000002221bc91800 JavaThread "jar transforms Thread 3" [_thread_blocked, id=14820, stack(0x000000a615400000,0x000000a615500000)]
  0x000002221bc99000 JavaThread "jar transforms Thread 4" [_thread_blocked, id=17832, stack(0x000000a615500000,0x000000a615600000)]
  0x000002221bc9a800 JavaThread "jar transforms Thread 5" [_thread_blocked, id=6744, stack(0x000000a615600000,0x000000a615700000)]
  0x000002221bc98000 JavaThread "jar transforms Thread 6" [_thread_blocked, id=9272, stack(0x000000a615700000,0x000000a615800000)]
  0x000002221bc9c000 JavaThread "jar transforms Thread 7" [_thread_blocked, id=15188, stack(0x000000a615800000,0x000000a615900000)]
  0x000002221bc99800 JavaThread "jar transforms Thread 8" [_thread_blocked, id=7744, stack(0x000000a615900000,0x000000a615a00000)]
  0x000002221bc9b800 JavaThread "jar transforms Thread 9" [_thread_blocked, id=18684, stack(0x000000a615a00000,0x000000a615b00000)]
  0x000002221bf7c800 JavaThread "jar transforms Thread 10" [_thread_blocked, id=18692, stack(0x000000a615b00000,0x000000a615c00000)]
  0x000002221bf7f800 JavaThread "jar transforms Thread 11" [_thread_blocked, id=17976, stack(0x000000a615c00000,0x000000a615d00000)]
  0x000002221bf7e000 JavaThread "jar transforms Thread 12" [_thread_blocked, id=19452, stack(0x000000a615d00000,0x000000a615e00000)]
  0x000002221bf7d000 JavaThread "jar transforms Thread 13" [_thread_blocked, id=9236, stack(0x000000a615e00000,0x000000a615f00000)]
  0x000002221bf7f000 JavaThread "jar transforms Thread 14" [_thread_blocked, id=3772, stack(0x000000a615f00000,0x000000a616000000)]
  0x000002221bf7b800 JavaThread "jar transforms Thread 15" [_thread_blocked, id=10556, stack(0x000000a616000000,0x000000a616100000)]
  0x000002221bf7a800 JavaThread "jar transforms Thread 16" [_thread_blocked, id=2040, stack(0x000000a616100000,0x000000a616200000)]
  0x000002221bf7a000 JavaThread "jar transforms Thread 17" [_thread_blocked, id=14692, stack(0x000000a616200000,0x000000a616300000)]
  0x000002221bf83800 JavaThread "jar transforms Thread 18" [_thread_blocked, id=2904, stack(0x000000a616300000,0x000000a616400000)]
  0x000002221bf84800 JavaThread "jar transforms Thread 19" [_thread_blocked, id=1128, stack(0x000000a616400000,0x000000a616500000)]
  0x000002221bf86000 JavaThread "jar transforms Thread 20" [_thread_blocked, id=18704, stack(0x000000a616500000,0x000000a616600000)]
  0x000002221bf81800 JavaThread "jar transforms Thread 21" [_thread_blocked, id=18192, stack(0x000000a616600000,0x000000a616700000)]
  0x000002221bf85800 JavaThread "jar transforms Thread 22" [_thread_blocked, id=18996, stack(0x000000a616700000,0x000000a616800000)]
  0x000002221bf83000 JavaThread "jar transforms Thread 23" [_thread_blocked, id=17764, stack(0x000000a616800000,0x000000a616900000)]
  0x000002221bf80800 JavaThread "jar transforms Thread 24" [_thread_blocked, id=3324, stack(0x000000a616900000,0x000000a616a00000)]
  0x000002221bf88000 JavaThread "jar transforms Thread 25" [_thread_blocked, id=17800, stack(0x000000a616a00000,0x000000a616b00000)]
  0x000002221bf87000 JavaThread "jar transforms Thread 26" [_thread_blocked, id=18672, stack(0x000000a616b00000,0x000000a616c00000)]
  0x000002221bf82000 JavaThread "jar transforms Thread 27" [_thread_blocked, id=18632, stack(0x000000a616c00000,0x000000a616d00000)]
  0x000002221bf88800 JavaThread "jar transforms Thread 28" [_thread_blocked, id=18828, stack(0x000000a616d00000,0x000000a616e00000)]
  0x000002221bf8f000 JavaThread "jar transforms Thread 29" [_thread_blocked, id=17956, stack(0x000000a616e00000,0x000000a616f00000)]
  0x000002221bf8c800 JavaThread "jar transforms Thread 30" [_thread_blocked, id=18644, stack(0x000000a616f00000,0x000000a617000000)]
  0x000002221bf8d000 JavaThread "jar transforms Thread 31" [_thread_blocked, id=6320, stack(0x000000a617000000,0x000000a617100000)]
  0x000002221bf8b800 JavaThread "jar transforms Thread 32" [_thread_blocked, id=18640, stack(0x000000a617100000,0x000000a617200000)]
  0x000002221bf8f800 JavaThread "jar transforms Thread 33" [_thread_blocked, id=18584, stack(0x000000a617200000,0x000000a617300000)]
  0x000002221bf8e000 JavaThread "jar transforms Thread 34" [_thread_blocked, id=18816, stack(0x000000a617300000,0x000000a617400000)]
  0x000002221bf8a800 JavaThread "jar transforms Thread 35" [_thread_blocked, id=18824, stack(0x000000a617400000,0x000000a617500000)]
  0x000002221bf8a000 JavaThread "jar transforms Thread 36" [_thread_blocked, id=18792, stack(0x000000a617500000,0x000000a617600000)]
  0x000002221bf94800 JavaThread "jar transforms Thread 37" [_thread_blocked, id=18804, stack(0x000000a617600000,0x000000a617700000)]
  0x000002221bf93000 JavaThread "jar transforms Thread 38" [_thread_blocked, id=18788, stack(0x000000a617700000,0x000000a617800000)]
  0x000002221bf90800 JavaThread "jar transforms Thread 39" [_thread_blocked, id=18160, stack(0x000000a617800000,0x000000a617900000)]
  0x000002221bf95800 JavaThread "jar transforms Thread 40" [_thread_blocked, id=4132, stack(0x000000a617900000,0x000000a617a00000)]
  0x000002221bf92000 JavaThread "jar transforms Thread 41" [_thread_blocked, id=4952, stack(0x000000a617a00000,0x000000a617b00000)]
  0x000002221bf93800 JavaThread "jar transforms Thread 42" [_thread_blocked, id=18588, stack(0x000000a617b00000,0x000000a617c00000)]
  0x000002221bf91800 JavaThread "jar transforms Thread 43" [_thread_blocked, id=9044, stack(0x000000a617c00000,0x000000a617d00000)]
  0x000002221bf97000 JavaThread "jar transforms Thread 44" [_thread_blocked, id=18900, stack(0x000000a617d00000,0x000000a617e00000)]
  0x000002221bf96000 JavaThread "jar transforms Thread 45" [_thread_blocked, id=18384, stack(0x000000a617e00000,0x000000a617f00000)]
  0x000002221bf98000 JavaThread "jar transforms Thread 46" [_thread_blocked, id=4880, stack(0x000000a617f00000,0x000000a618000000)]
  0x000002221bf98800 JavaThread "jar transforms Thread 47" [_thread_blocked, id=17036, stack(0x000000a618000000,0x000000a618100000)]
  0x000002221b73c000 JavaThread "jar transforms Thread 48" [_thread_blocked, id=16288, stack(0x000000a618100000,0x000000a618200000)]
  0x000002221b73d800 JavaThread "jar transforms Thread 49" [_thread_blocked, id=18904, stack(0x000000a618200000,0x000000a618300000)]
  0x000002221b73e800 JavaThread "jar transforms Thread 50" [_thread_blocked, id=18884, stack(0x000000a618300000,0x000000a618400000)]
  0x000002221b73f800 JavaThread "jar transforms Thread 51" [_thread_blocked, id=12264, stack(0x000000a618400000,0x000000a618500000)]
  0x000002221b740000 JavaThread "jar transforms Thread 52" [_thread_blocked, id=18380, stack(0x000000a618500000,0x000000a618600000)]
  0x000002221b741000 JavaThread "jar transforms Thread 53" [_thread_blocked, id=18200, stack(0x000000a618600000,0x000000a618700000)]
  0x000002221b741800 JavaThread "jar transforms Thread 54" [_thread_blocked, id=2988, stack(0x000000a618700000,0x000000a618800000)]
  0x000002221b742800 JavaThread "jar transforms Thread 55" [_thread_blocked, id=18152, stack(0x000000a618800000,0x000000a618900000)]
  0x000002221b73d000 JavaThread "jar transforms Thread 56" [_thread_blocked, id=18836, stack(0x000000a618900000,0x000000a618a00000)]
  0x000002221b747800 JavaThread "jar transforms Thread 57" [_thread_blocked, id=17192, stack(0x000000a618a00000,0x000000a618b00000)]
  0x000002221b748800 JavaThread "jar transforms Thread 58" [_thread_blocked, id=7832, stack(0x000000a618b00000,0x000000a618c00000)]
  0x000002221b749000 JavaThread "jar transforms Thread 59" [_thread_blocked, id=7040, stack(0x000000a618c00000,0x000000a618d00000)]
  0x000002221b743800 JavaThread "jar transforms Thread 60" [_thread_blocked, id=3792, stack(0x000000a618d00000,0x000000a618e00000)]
  0x000002221b74a000 JavaThread "jar transforms Thread 61" [_thread_blocked, id=5592, stack(0x000000a618e00000,0x000000a618f00000)]
  0x000002221b746800 JavaThread "jar transforms Thread 62" [_thread_blocked, id=10648, stack(0x000000a618f00000,0x000000a619000000)]
  0x000002221b744000 JavaThread "jar transforms Thread 63" [_thread_blocked, id=3644, stack(0x000000a619000000,0x000000a619100000)]
  0x000002221b746000 JavaThread "jar transforms Thread 64" [_thread_blocked, id=18124, stack(0x000000a619100000,0x000000a619200000)]
  0x000002221b74a800 JavaThread "jar transforms Thread 65" [_thread_blocked, id=18740, stack(0x000000a619200000,0x000000a619300000)]
  0x000002221b745000 JavaThread "jar transforms Thread 66" [_thread_blocked, id=15448, stack(0x000000a619300000,0x000000a619400000)]
  0x000002221e001000 JavaThread "jar transforms Thread 67" [_thread_blocked, id=13756, stack(0x000000a619400000,0x000000a619500000)]
  0x000002221e005000 JavaThread "jar transforms Thread 68" [_thread_blocked, id=3776, stack(0x000000a619500000,0x000000a619600000)]
  0x000002221e003800 JavaThread "jar transforms Thread 69" [_thread_blocked, id=15380, stack(0x000000a619600000,0x000000a619700000)]
  0x000002221e004800 JavaThread "jar transforms Thread 70" [_thread_blocked, id=7108, stack(0x000000a619700000,0x000000a619800000)]
  0x000002221e002000 JavaThread "jar transforms Thread 71" [_thread_blocked, id=7540, stack(0x000000a619800000,0x000000a619900000)]
  0x000002221dfff800 JavaThread "jar transforms Thread 72" [_thread_blocked, id=18892, stack(0x000000a619900000,0x000000a619a00000)]
  0x000002221e006000 JavaThread "jar transforms Thread 73" [_thread_blocked, id=8248, stack(0x000000a619a00000,0x000000a619b00000)]
  0x000002221e003000 JavaThread "jar transforms Thread 74" [_thread_blocked, id=7476, stack(0x000000a619b00000,0x000000a619c00000)]
  0x000002221e000800 JavaThread "jar transforms Thread 75" [_thread_blocked, id=1776, stack(0x000000a619c00000,0x000000a619d00000)]
  0x000002221e00b000 JavaThread "jar transforms Thread 76" [_thread_blocked, id=12136, stack(0x000000a619d00000,0x000000a619e00000)]
  0x000002221e009800 JavaThread "jar transforms Thread 77" [_thread_blocked, id=7400, stack(0x000000a619e00000,0x000000a619f00000)]
  0x000002221e00c800 JavaThread "jar transforms Thread 78" [_thread_blocked, id=14364, stack(0x000000a619f00000,0x000000a61a000000)]
  0x000002221e00a000 JavaThread "jar transforms Thread 79" [_thread_blocked, id=6464, stack(0x000000a61a000000,0x000000a61a100000)]
  0x000002221e008800 JavaThread "jar transforms Thread 80" [_thread_blocked, id=19060, stack(0x000000a61a100000,0x000000a61a200000)]
  0x000002221e00b800 JavaThread "jar transforms Thread 81" [_thread_blocked, id=19064, stack(0x000000a61a200000,0x000000a61a300000)]
  0x000002221e007000 JavaThread "jar transforms Thread 82" [_thread_blocked, id=19004, stack(0x000000a61a300000,0x000000a61a400000)]
  0x000002221e00d800 JavaThread "jar transforms Thread 83" [_thread_blocked, id=18944, stack(0x000000a61a400000,0x000000a61a500000)]
  0x000002221e007800 JavaThread "jar transforms Thread 84" [_thread_blocked, id=5612, stack(0x000000a61a500000,0x000000a61a600000)]
  0x000002221e00e000 JavaThread "jar transforms Thread 85" [_thread_blocked, id=15136, stack(0x000000a61a600000,0x000000a61a700000)]
  0x000002221e342800 JavaThread "jar transforms Thread 86" [_thread_blocked, id=18300, stack(0x000000a61a700000,0x000000a61a800000)]
  0x000002221e345000 JavaThread "jar transforms Thread 87" [_thread_blocked, id=15148, stack(0x000000a61a800000,0x000000a61a900000)]
  0x000002221e347800 JavaThread "jar transforms Thread 88" [_thread_blocked, id=15288, stack(0x000000a61a900000,0x000000a61aa00000)]
  0x000002221e347000 JavaThread "jar transforms Thread 89" [_thread_blocked, id=18812, stack(0x000000a61aa00000,0x000000a61ab00000)]
  0x000002221e344800 JavaThread "jar transforms Thread 90" [_thread_blocked, id=6224, stack(0x000000a61ab00000,0x000000a61ac00000)]
  0x000002221e342000 JavaThread "jar transforms Thread 91" [_thread_blocked, id=17816, stack(0x000000a61ac00000,0x000000a61ad00000)]
  0x000002221e346000 JavaThread "jar transforms Thread 92" [_thread_blocked, id=11076, stack(0x000000a61ad00000,0x000000a61ae00000)]
  0x000002221e349000 JavaThread "jar transforms Thread 93" [_thread_blocked, id=14904, stack(0x000000a61ae00000,0x000000a61af00000)]
  0x000002221e348800 JavaThread "jar transforms Thread 94" [_thread_blocked, id=17552, stack(0x000000a61af00000,0x000000a61b000000)]
  0x000002221e343800 JavaThread "jar transforms Thread 95" [_thread_blocked, id=18332, stack(0x000000a61b000000,0x000000a61b100000)]
  0x000002221e34b000 JavaThread "jar transforms Thread 96" [_thread_blocked, id=17268, stack(0x000000a61b100000,0x000000a61b200000)]
  0x000002221e34d800 JavaThread "jar transforms Thread 97" [_thread_blocked, id=18856, stack(0x000000a61b200000,0x000000a61b300000)]
  0x000002221e34a000 JavaThread "jar transforms Thread 98" [_thread_blocked, id=18128, stack(0x000000a61b300000,0x000000a61b400000)]
  0x000002221e34b800 JavaThread "jar transforms Thread 99" [_thread_blocked, id=17688, stack(0x000000a61b400000,0x000000a61b500000)]
  0x000002221e34f000 JavaThread "jar transforms Thread 100" [_thread_blocked, id=18656, stack(0x000000a61b500000,0x000000a61b600000)]
  0x000002221e34f800 JavaThread "jar transforms Thread 101" [_thread_blocked, id=4232, stack(0x000000a61b600000,0x000000a61b700000)]
  0x000002221e350800 JavaThread "jar transforms Thread 102" [_thread_blocked, id=2028, stack(0x000000a61b700000,0x000000a61b800000)]
  0x000002221e34c800 JavaThread "jar transforms Thread 103" [_thread_blocked, id=6068, stack(0x000000a61b800000,0x000000a61b900000)]
  0x000002221e34e000 JavaThread "jar transforms Thread 104" [_thread_blocked, id=17936, stack(0x000000a61b900000,0x000000a61ba00000)]
  0x000002221be42800 JavaThread "jar transforms Thread 105" [_thread_blocked, id=19148, stack(0x000000a61ba00000,0x000000a61bb00000)]
  0x000002221be44800 JavaThread "jar transforms Thread 106" [_thread_blocked, id=19168, stack(0x000000a61bb00000,0x000000a61bc00000)]
  0x000002221be41000 JavaThread "jar transforms Thread 107" [_thread_blocked, id=19180, stack(0x000000a61bc00000,0x000000a61bd00000)]
  0x000002221be40800 JavaThread "jar transforms Thread 108" [_thread_blocked, id=19156, stack(0x000000a61bd00000,0x000000a61be00000)]
  0x000002221be43800 JavaThread "jar transforms Thread 109" [_thread_blocked, id=17696, stack(0x000000a61be00000,0x000000a61bf00000)]
  0x000002221be45000 JavaThread "jar transforms Thread 110" [_thread_blocked, id=18324, stack(0x000000a61bf00000,0x000000a61c000000)]
  0x000002221be46000 JavaThread "jar transforms Thread 111" [_thread_blocked, id=19216, stack(0x000000a61c000000,0x000000a61c100000)]
  0x000002221be42000 JavaThread "jar transforms Thread 112" [_thread_blocked, id=18860, stack(0x000000a61c100000,0x000000a61c200000)]
  0x000002221be4c800 JavaThread "jar transforms Thread 113" [_thread_blocked, id=2388, stack(0x000000a61c200000,0x000000a61c300000)]
  0x000002221be47000 JavaThread "jar transforms Thread 114" [_thread_blocked, id=19336, stack(0x000000a61c300000,0x000000a61c400000)]
  0x000002221be48800 JavaThread "jar transforms Thread 115" [_thread_blocked, id=4540, stack(0x000000a61c400000,0x000000a61c500000)]
  0x000002221be49800 JavaThread "jar transforms Thread 116" [_thread_blocked, id=17420, stack(0x000000a61c500000,0x000000a61c600000)]
  0x000002221be4d800 JavaThread "jar transforms Thread 117" [_thread_blocked, id=5864, stack(0x000000a61c600000,0x000000a61c700000)]
  0x000002221be47800 JavaThread "jar transforms Thread 118" [_thread_blocked, id=3544, stack(0x000000a61c700000,0x000000a61c800000)]
  0x000002221be4e000 JavaThread "Memory manager" [_thread_blocked, id=18396, stack(0x000000a61c800000,0x000000a61c900000)]
  0x000002221be4b000 JavaThread "build event listener" [_thread_blocked, id=19276, stack(0x000000a61c900000,0x000000a61ca00000)]

Other Threads:
=>0x0000022219730000 VMThread "VM Thread" [stack: 0x000000a612a00000,0x000000a612b00000] [id=19356]
  0x0000022219a5a000 WatcherThread [stack: 0x000000a613400000,0x000000a613500000] [id=19188]
  0x000002227eaf7000 GCTaskThread "GC Thread#0" [stack: 0x000000a612500000,0x000000a612600000] [id=19236]
  0x0000022219d93000 GCTaskThread "GC Thread#1" [stack: 0x000000a613500000,0x000000a613600000] [id=14964]
  0x0000022219c9b800 GCTaskThread "GC Thread#2" [stack: 0x000000a614200000,0x000000a614300000] [id=19408]
  0x000002221b159800 GCTaskThread "GC Thread#3" [stack: 0x000000a614300000,0x000000a614400000] [id=19364]
  0x000002227eb1c000 ConcurrentGCThread "G1 Main Marker" [stack: 0x000000a612600000,0x000000a612700000] [id=19296]
  0x000002227eb1e800 ConcurrentGCThread "G1 Conc#0" [stack: 0x000000a612700000,0x000000a612800000] [id=19300]
  0x000002227eb64000 ConcurrentGCThread "G1 Refine#0" [stack: 0x000000a612800000,0x000000a612900000] [id=19272]
  0x000002227eb65000 ConcurrentGCThread "G1 Young RemSet Sampling" [stack: 0x000000a612900000,0x000000a612a00000] [id=19260]

Threads with active compile tasks:
C2 CompilerThread0  41881 8630       4       java.beans.Introspector::addPropertyDescriptor (265 bytes)

VM state:at safepoint (normal execution)

VM Mutex/Monitor currently owned by a thread:  ([mutex/lock_event])
[0x000002227eadad00] Threads_lock - owner thread: 0x0000022219730000
[0x000002227ead9ef0] Heap_lock - owner thread: 0x000002221a97d000

Heap address: 0x00000000a0000000, size: 1536 MB, Compressed Oops mode: 32-bit
Narrow klass base: 0x0000000000000000, Narrow klass shift: 3
Compressed class space size: 1073741824 Address: 0x0000000100000000

Heap:
 garbage-first heap   total 189440K, used 92141K [0x00000000a0000000, 0x0000000100000000)
  region size 1024K, 4 young (4096K), 4 survivors (4096K)
 Metaspace       used 73974K, capacity 76975K, committed 77184K, reserved 1116160K
  class space    used 9586K, capacity 10509K, committed 10624K, reserved 1048576K
Heap Regions: E=young(eden), S=young(survivor), O=old, HS=humongous(starts), HC=humongous(continues), CS=collection set, F=free, A=archive, TAMS=top-at-mark-start (previous, next)
|   0|0x00000000a0000000, 0x00000000a0100000, 0x00000000a0100000|100%| O|  |TAMS 0x00000000a0100000, 0x00000000a0000000| Untracked 
|   1|0x00000000a0100000, 0x00000000a0200000, 0x00000000a0200000|100%| O|  |TAMS 0x00000000a0200000, 0x00000000a0100000| Untracked 
|   2|0x00000000a0200000, 0x00000000a0300000, 0x00000000a0300000|100%| O|  |TAMS 0x00000000a0300000, 0x00000000a0200000| Untracked 
|   3|0x00000000a0300000, 0x00000000a0400000, 0x00000000a0400000|100%|HS|  |TAMS 0x00000000a0400000, 0x00000000a0300000| Complete 
|   4|0x00000000a0400000, 0x00000000a0500000, 0x00000000a0500000|100%|HC|  |TAMS 0x00000000a0500000, 0x00000000a0400000| Complete 
|   5|0x00000000a0500000, 0x00000000a0600000, 0x00000000a0600000|100%|HC|  |TAMS 0x00000000a0600000, 0x00000000a0500000| Complete 
|   6|0x00000000a0600000, 0x00000000a0700000, 0x00000000a0700000|100%| O|  |TAMS 0x00000000a0700000, 0x00000000a0600000| Untracked 
|   7|0x00000000a0700000, 0x00000000a0800000, 0x00000000a0800000|100%| O|  |TAMS 0x00000000a0800000, 0x00000000a0700000| Untracked 
|   8|0x00000000a0800000, 0x00000000a0900000, 0x00000000a0900000|100%| O|  |TAMS 0x00000000a0900000, 0x00000000a0800000| Untracked 
|   9|0x00000000a0900000, 0x00000000a0a00000, 0x00000000a0a00000|100%| O|  |TAMS 0x00000000a0a00000, 0x00000000a0900000| Untracked 
|  10|0x00000000a0a00000, 0x00000000a0b00000, 0x00000000a0b00000|100%| O|  |TAMS 0x00000000a0b00000, 0x00000000a0a00000| Untracked 
|  11|0x00000000a0b00000, 0x00000000a0c00000, 0x00000000a0c00000|100%| O|  |TAMS 0x00000000a0c00000, 0x00000000a0b00000| Untracked 
|  12|0x00000000a0c00000, 0x00000000a0d00000, 0x00000000a0d00000|100%| O|  |TAMS 0x00000000a0d00000, 0x00000000a0c00000| Untracked 
|  13|0x00000000a0d00000, 0x00000000a0e00000, 0x00000000a0e00000|100%| O|  |TAMS 0x00000000a0e00000, 0x00000000a0d00000| Untracked 
|  14|0x00000000a0e00000, 0x00000000a0f00000, 0x00000000a0f00000|100%| O|  |TAMS 0x00000000a0f00000, 0x00000000a0e00000| Untracked 
|  15|0x00000000a0f00000, 0x00000000a1000000, 0x00000000a1000000|100%| O|  |TAMS 0x00000000a1000000, 0x00000000a0f00000| Untracked 
|  16|0x00000000a1000000, 0x00000000a1100000, 0x00000000a1100000|100%| O|  |TAMS 0x00000000a1100000, 0x00000000a1000000| Untracked 
|  17|0x00000000a1100000, 0x00000000a1200000, 0x00000000a1200000|100%| O|  |TAMS 0x00000000a1200000, 0x00000000a1100000| Untracked 
|  18|0x00000000a1200000, 0x00000000a1300000, 0x00000000a1300000|100%| O|  |TAMS 0x00000000a1300000, 0x00000000a1200000| Untracked 
|  19|0x00000000a1300000, 0x00000000a1400000, 0x00000000a1400000|100%| O|  |TAMS 0x00000000a1400000, 0x00000000a1300000| Untracked 
|  20|0x00000000a1400000, 0x00000000a1500000, 0x00000000a1500000|100%| O|  |TAMS 0x00000000a1500000, 0x00000000a1400000| Untracked 
|  21|0x00000000a1500000, 0x00000000a1600000, 0x00000000a1600000|100%| O|  |TAMS 0x00000000a1600000, 0x00000000a1500000| Untracked 
|  22|0x00000000a1600000, 0x00000000a1700000, 0x00000000a1700000|100%| O|  |TAMS 0x00000000a1700000, 0x00000000a1600000| Untracked 
|  23|0x00000000a1700000, 0x00000000a1800000, 0x00000000a1800000|100%| O|  |TAMS 0x00000000a1800000, 0x00000000a1700000| Untracked 
|  24|0x00000000a1800000, 0x00000000a1900000, 0x00000000a1900000|100%| O|  |TAMS 0x00000000a1900000, 0x00000000a1800000| Untracked 
|  25|0x00000000a1900000, 0x00000000a1a00000, 0x00000000a1a00000|100%| O|  |TAMS 0x00000000a1a00000, 0x00000000a1900000| Untracked 
|  26|0x00000000a1a00000, 0x00000000a1b00000, 0x00000000a1b00000|100%|HS|  |TAMS 0x00000000a1b00000, 0x00000000a1a00000| Complete 
|  27|0x00000000a1b00000, 0x00000000a1c00000, 0x00000000a1c00000|100%|HS|  |TAMS 0x00000000a1c00000, 0x00000000a1b00000| Complete 
|  28|0x00000000a1c00000, 0x00000000a1d00000, 0x00000000a1d00000|100%|HS|  |TAMS 0x00000000a1d00000, 0x00000000a1c00000| Complete 
|  29|0x00000000a1d00000, 0x00000000a1e00000, 0x00000000a1e00000|100%|HC|  |TAMS 0x00000000a1e00000, 0x00000000a1d00000| Complete 
|  30|0x00000000a1e00000, 0x00000000a1f00000, 0x00000000a1f00000|100%|HC|  |TAMS 0x00000000a1f00000, 0x00000000a1e00000| Complete 
|  31|0x00000000a1f00000, 0x00000000a2000000, 0x00000000a2000000|100%|HS|  |TAMS 0x00000000a2000000, 0x00000000a1f00000| Complete 
|  32|0x00000000a2000000, 0x00000000a2100000, 0x00000000a2100000|100%|HC|  |TAMS 0x00000000a2100000, 0x00000000a2000000| Complete 
|  33|0x00000000a2100000, 0x00000000a2200000, 0x00000000a2200000|100%| O|  |TAMS 0x00000000a2200000, 0x00000000a2100000| Untracked 
|  34|0x00000000a2200000, 0x00000000a2300000, 0x00000000a2300000|100%| O|  |TAMS 0x00000000a2300000, 0x00000000a2200000| Untracked 
|  35|0x00000000a2300000, 0x00000000a2400000, 0x00000000a2400000|100%| O|  |TAMS 0x00000000a2400000, 0x00000000a2300000| Untracked 
|  36|0x00000000a2400000, 0x00000000a2500000, 0x00000000a2500000|100%| O|  |TAMS 0x00000000a2500000, 0x00000000a2400000| Untracked 
|  37|0x00000000a2500000, 0x00000000a2600000, 0x00000000a2600000|100%| O|  |TAMS 0x00000000a2600000, 0x00000000a2500000| Untracked 
|  38|0x00000000a2600000, 0x00000000a2700000, 0x00000000a2700000|100%| O|  |TAMS 0x00000000a2700000, 0x00000000a2600000| Untracked 
|  39|0x00000000a2700000, 0x00000000a2800000, 0x00000000a2800000|100%| O|  |TAMS 0x00000000a2800000, 0x00000000a2700000| Untracked 
|  40|0x00000000a2800000, 0x00000000a2900000, 0x00000000a2900000|100%| O|  |TAMS 0x00000000a2900000, 0x00000000a2800000| Untracked 
|  41|0x00000000a2900000, 0x00000000a2a00000, 0x00000000a2a00000|100%| O|  |TAMS 0x00000000a2a00000, 0x00000000a2900000| Untracked 
|  42|0x00000000a2a00000, 0x00000000a2b00000, 0x00000000a2b00000|100%| O|  |TAMS 0x00000000a2b00000, 0x00000000a2a00000| Untracked 
|  43|0x00000000a2b00000, 0x00000000a2c00000, 0x00000000a2c00000|100%| O|  |TAMS 0x00000000a2c00000, 0x00000000a2b00000| Untracked 
|  44|0x00000000a2c00000, 0x00000000a2d00000, 0x00000000a2d00000|100%| O|  |TAMS 0x00000000a2d00000, 0x00000000a2c00000| Untracked 
|  45|0x00000000a2d00000, 0x00000000a2e00000, 0x00000000a2e00000|100%| O|  |TAMS 0x00000000a2e00000, 0x00000000a2d00000| Untracked 
|  46|0x00000000a2e00000, 0x00000000a2f00000, 0x00000000a2f00000|100%| O|  |TAMS 0x00000000a2f00000, 0x00000000a2e00000| Untracked 
|  47|0x00000000a2f00000, 0x00000000a3000000, 0x00000000a3000000|100%| O|  |TAMS 0x00000000a3000000, 0x00000000a2f00000| Untracked 
|  48|0x00000000a3000000, 0x00000000a3100000, 0x00000000a3100000|100%| O|  |TAMS 0x00000000a3100000, 0x00000000a3000000| Untracked 
|  49|0x00000000a3100000, 0x00000000a3200000, 0x00000000a3200000|100%| O|  |TAMS 0x00000000a3200000, 0x00000000a3100000| Untracked 
|  50|0x00000000a3200000, 0x00000000a3300000, 0x00000000a3300000|100%| O|  |TAMS 0x00000000a3300000, 0x00000000a3200000| Untracked 
|  51|0x00000000a3300000, 0x00000000a3400000, 0x00000000a3400000|100%| O|  |TAMS 0x00000000a3400000, 0x00000000a3300000| Untracked 
|  52|0x00000000a3400000, 0x00000000a3500000, 0x00000000a3500000|100%| O|  |TAMS 0x00000000a3500000, 0x00000000a3400000| Untracked 
|  53|0x00000000a3500000, 0x00000000a3600000, 0x00000000a3600000|100%| O|  |TAMS 0x00000000a3600000, 0x00000000a3500000| Untracked 
|  54|0x00000000a3600000, 0x00000000a3700000, 0x00000000a3700000|100%| O|  |TAMS 0x00000000a3700000, 0x00000000a3600000| Untracked 
|  55|0x00000000a3700000, 0x00000000a3800000, 0x00000000a3800000|100%| O|  |TAMS 0x00000000a3800000, 0x00000000a3700000| Untracked 
|  56|0x00000000a3800000, 0x00000000a3900000, 0x00000000a3900000|100%| O|  |TAMS 0x00000000a3900000, 0x00000000a3800000| Untracked 
|  57|0x00000000a3900000, 0x00000000a3a00000, 0x00000000a3a00000|100%| O|  |TAMS 0x00000000a3a00000, 0x00000000a3900000| Untracked 
|  58|0x00000000a3a00000, 0x00000000a3b00000, 0x00000000a3b00000|100%| O|  |TAMS 0x00000000a3b00000, 0x00000000a3a00000| Untracked 
|  59|0x00000000a3b00000, 0x00000000a3c00000, 0x00000000a3c00000|100%| O|  |TAMS 0x00000000a3c00000, 0x00000000a3b00000| Untracked 
|  60|0x00000000a3c00000, 0x00000000a3d00000, 0x00000000a3d00000|100%| O|  |TAMS 0x00000000a3d00000, 0x00000000a3c00000| Untracked 
|  61|0x00000000a3d00000, 0x00000000a3e00000, 0x00000000a3e00000|100%| O|  |TAMS 0x00000000a3e00000, 0x00000000a3d00000| Untracked 
|  62|0x00000000a3e00000, 0x00000000a3f00000, 0x00000000a3f00000|100%| O|  |TAMS 0x00000000a3f00000, 0x00000000a3e00000| Untracked 
|  63|0x00000000a3f00000, 0x00000000a4000000, 0x00000000a4000000|100%| O|  |TAMS 0x00000000a4000000, 0x00000000a3f00000| Untracked 
|  64|0x00000000a4000000, 0x00000000a4100000, 0x00000000a4100000|100%| O|  |TAMS 0x00000000a4100000, 0x00000000a4000000| Untracked 
|  65|0x00000000a4100000, 0x00000000a4200000, 0x00000000a4200000|100%|HS|  |TAMS 0x00000000a4200000, 0x00000000a4100000| Complete 
|  66|0x00000000a4200000, 0x00000000a4300000, 0x00000000a4300000|100%|HS|  |TAMS 0x00000000a4300000, 0x00000000a4200000| Complete 
|  67|0x00000000a4300000, 0x00000000a4400000, 0x00000000a4400000|100%|HS|  |TAMS 0x00000000a4400000, 0x00000000a4300000| Complete 
|  68|0x00000000a4400000, 0x00000000a4500000, 0x00000000a4500000|100%|HC|  |TAMS 0x00000000a4500000, 0x00000000a4400000| Complete 
|  69|0x00000000a4500000, 0x00000000a4600000, 0x00000000a4600000|100%| O|  |TAMS 0x00000000a4600000, 0x00000000a4500000| Untracked 
|  70|0x00000000a4600000, 0x00000000a4700000, 0x00000000a4700000|100%| O|  |TAMS 0x00000000a4700000, 0x00000000a4600000| Untracked 
|  71|0x00000000a4700000, 0x00000000a4800000, 0x00000000a4800000|100%| O|  |TAMS 0x00000000a4800000, 0x00000000a4700000| Untracked 
|  72|0x00000000a4800000, 0x00000000a4900000, 0x00000000a4900000|100%| O|  |TAMS 0x00000000a4900000, 0x00000000a4800000| Untracked 
|  73|0x00000000a4900000, 0x00000000a4a00000, 0x00000000a4a00000|100%| O|  |TAMS 0x00000000a4a00000, 0x00000000a4900000| Untracked 
|  74|0x00000000a4a00000, 0x00000000a4b00000, 0x00000000a4b00000|100%| O|  |TAMS 0x00000000a4b00000, 0x00000000a4a00000| Untracked 
|  75|0x00000000a4b00000, 0x00000000a4c00000, 0x00000000a4c00000|100%| O|  |TAMS 0x00000000a4c00000, 0x00000000a4b00000| Untracked 
|  76|0x00000000a4c00000, 0x00000000a4d00000, 0x00000000a4d00000|100%| O|  |TAMS 0x00000000a4d00000, 0x00000000a4c00000| Untracked 
|  77|0x00000000a4d00000, 0x00000000a4e00000, 0x00000000a4e00000|100%| O|  |TAMS 0x00000000a4e00000, 0x00000000a4d00000| Untracked 
|  78|0x00000000a4e00000, 0x00000000a4f00000, 0x00000000a4f00000|100%| O|  |TAMS 0x00000000a4f00000, 0x00000000a4e00000| Untracked 
|  79|0x00000000a4f00000, 0x00000000a5000000, 0x00000000a5000000|100%| O|  |TAMS 0x00000000a4ffaa00, 0x00000000a4f00000| Untracked 
|  80|0x00000000a5000000, 0x00000000a5100000, 0x00000000a5100000|100%| O|  |TAMS 0x00000000a5000000, 0x00000000a5000000| Untracked 
|  81|0x00000000a5100000, 0x00000000a5200000, 0x00000000a5200000|100%| O|  |TAMS 0x00000000a5100000, 0x00000000a5100000| Untracked 
|  82|0x00000000a5200000, 0x00000000a5300000, 0x00000000a5300000|100%| O|  |TAMS 0x00000000a5200000, 0x00000000a5200000| Untracked 
|  83|0x00000000a5300000, 0x00000000a5400000, 0x00000000a5400000|100%| O|  |TAMS 0x00000000a5300000, 0x00000000a5300000| Untracked 
|  84|0x00000000a5400000, 0x00000000a5500000, 0x00000000a5500000|100%| O|  |TAMS 0x00000000a5400000, 0x00000000a5400000| Untracked 
|  85|0x00000000a5500000, 0x00000000a55fb600, 0x00000000a5600000| 98%| O|  |TAMS 0x00000000a5500000, 0x00000000a5500000| Untracked 
|  86|0x00000000a5600000, 0x00000000a5600000, 0x00000000a5700000|  0%| F|  |TAMS 0x00000000a5600000, 0x00000000a5600000| Untracked 
|  87|0x00000000a5700000, 0x00000000a5700000, 0x00000000a5800000|  0%| F|  |TAMS 0x00000000a5700000, 0x00000000a5700000| Untracked 
|  88|0x00000000a5800000, 0x00000000a5800000, 0x00000000a5900000|  0%| F|  |TAMS 0x00000000a5800000, 0x00000000a5800000| Untracked 
|  89|0x00000000a5900000, 0x00000000a5900000, 0x00000000a5a00000|  0%| F|  |TAMS 0x00000000a5900000, 0x00000000a5900000| Untracked 
|  90|0x00000000a5a00000, 0x00000000a5a00000, 0x00000000a5b00000|  0%| F|  |TAMS 0x00000000a5a00000, 0x00000000a5a00000| Untracked 
|  91|0x00000000a5b00000, 0x00000000a5b00000, 0x00000000a5c00000|  0%| F|  |TAMS 0x00000000a5b00000, 0x00000000a5b00000| Untracked 
|  92|0x00000000a5c00000, 0x00000000a5c00000, 0x00000000a5d00000|  0%| F|  |TAMS 0x00000000a5c00000, 0x00000000a5c00000| Untracked 
|  93|0x00000000a5d00000, 0x00000000a5d00000, 0x00000000a5e00000|  0%| F|  |TAMS 0x00000000a5d00000, 0x00000000a5d00000| Untracked 
|  94|0x00000000a5e00000, 0x00000000a5e00000, 0x00000000a5f00000|  0%| F|  |TAMS 0x00000000a5e00000, 0x00000000a5e00000| Untracked 
|  95|0x00000000a5f00000, 0x00000000a5f00000, 0x00000000a6000000|  0%| F|  |TAMS 0x00000000a5f00000, 0x00000000a5f00000| Untracked 
|  96|0x00000000a6000000, 0x00000000a6000000, 0x00000000a6100000|  0%| F|  |TAMS 0x00000000a6000000, 0x00000000a6000000| Untracked 
|  97|0x00000000a6100000, 0x00000000a6100000, 0x00000000a6200000|  0%| F|  |TAMS 0x00000000a6100000, 0x00000000a6100000| Untracked 
|  98|0x00000000a6200000, 0x00000000a6200000, 0x00000000a6300000|  0%| F|  |TAMS 0x00000000a6200000, 0x00000000a6200000| Untracked 
|  99|0x00000000a6300000, 0x00000000a6300000, 0x00000000a6400000|  0%| F|  |TAMS 0x00000000a6300000, 0x00000000a6300000| Untracked 
| 100|0x00000000a6400000, 0x00000000a6400000, 0x00000000a6500000|  0%| F|  |TAMS 0x00000000a6400000, 0x00000000a6400000| Untracked 
| 101|0x00000000a6500000, 0x00000000a6500000, 0x00000000a6600000|  0%| F|  |TAMS 0x00000000a6500000, 0x00000000a6500000| Untracked 
| 102|0x00000000a6600000, 0x00000000a6600000, 0x00000000a6700000|  0%| F|  |TAMS 0x00000000a6600000, 0x00000000a6600000| Untracked 
| 103|0x00000000a6700000, 0x00000000a6700000, 0x00000000a6800000|  0%| F|  |TAMS 0x00000000a6700000, 0x00000000a6700000| Untracked 
| 104|0x00000000a6800000, 0x00000000a6800000, 0x00000000a6900000|  0%| F|  |TAMS 0x00000000a6800000, 0x00000000a6800000| Untracked 
| 105|0x00000000a6900000, 0x00000000a6900000, 0x00000000a6a00000|  0%| F|  |TAMS 0x00000000a6900000, 0x00000000a6900000| Untracked 
| 106|0x00000000a6a00000, 0x00000000a6a00000, 0x00000000a6b00000|  0%| F|  |TAMS 0x00000000a6a00000, 0x00000000a6a00000| Untracked 
| 107|0x00000000a6b00000, 0x00000000a6b00000, 0x00000000a6c00000|  0%| F|  |TAMS 0x00000000a6b00000, 0x00000000a6b00000| Untracked 
| 108|0x00000000a6c00000, 0x00000000a6c00000, 0x00000000a6d00000|  0%| F|  |TAMS 0x00000000a6c00000, 0x00000000a6c00000| Untracked 
| 109|0x00000000a6d00000, 0x00000000a6d00000, 0x00000000a6e00000|  0%| F|  |TAMS 0x00000000a6d00000, 0x00000000a6d00000| Untracked 
| 110|0x00000000a6e00000, 0x00000000a6f00000, 0x00000000a6f00000|100%| S|CS|TAMS 0x00000000a6e00000, 0x00000000a6e00000| Complete 
| 111|0x00000000a6f00000, 0x00000000a7000000, 0x00000000a7000000|100%| S|CS|TAMS 0x00000000a6f00000, 0x00000000a6f00000| Complete 
| 112|0x00000000a7000000, 0x00000000a7000000, 0x00000000a7100000|  0%| F|  |TAMS 0x00000000a7000000, 0x00000000a7000000| Untracked 
| 113|0x00000000a7100000, 0x00000000a7100000, 0x00000000a7200000|  0%| F|  |TAMS 0x00000000a7100000, 0x00000000a7100000| Untracked 
| 114|0x00000000a7200000, 0x00000000a7200000, 0x00000000a7300000|  0%| F|  |TAMS 0x00000000a7200000, 0x00000000a7200000| Untracked 
| 115|0x00000000a7300000, 0x00000000a7300000, 0x00000000a7400000|  0%| F|  |TAMS 0x00000000a7300000, 0x00000000a7300000| Untracked 
| 116|0x00000000a7400000, 0x00000000a7500000, 0x00000000a7500000|100%| S|CS|TAMS 0x00000000a7400000, 0x00000000a7400000| Complete 
| 117|0x00000000a7500000, 0x00000000a7600000, 0x00000000a7600000|100%| S|CS|TAMS 0x00000000a7500000, 0x00000000a7500000| Complete 
| 118|0x00000000a7600000, 0x00000000a7600000, 0x00000000a7700000|  0%| F|  |TAMS 0x00000000a7600000, 0x00000000a7600000| Untracked 
| 119|0x00000000a7700000, 0x00000000a7700000, 0x00000000a7800000|  0%| F|  |TAMS 0x00000000a7700000, 0x00000000a7700000| Untracked 
| 120|0x00000000a7800000, 0x00000000a7800000, 0x00000000a7900000|  0%| F|  |TAMS 0x00000000a7800000, 0x00000000a7800000| Untracked 
| 121|0x00000000a7900000, 0x00000000a7900000, 0x00000000a7a00000|  0%| F|  |TAMS 0x00000000a7900000, 0x00000000a7900000| Untracked 
| 122|0x00000000a7a00000, 0x00000000a7a00000, 0x00000000a7b00000|  0%| F|  |TAMS 0x00000000a7a00000, 0x00000000a7a00000| Untracked 
| 123|0x00000000a7b00000, 0x00000000a7b00000, 0x00000000a7c00000|  0%| F|  |TAMS 0x00000000a7b00000, 0x00000000a7b00000| Untracked 
| 124|0x00000000a7c00000, 0x00000000a7c00000, 0x00000000a7d00000|  0%| F|  |TAMS 0x00000000a7c00000, 0x00000000a7c00000| Untracked 
| 125|0x00000000a7d00000, 0x00000000a7d00000, 0x00000000a7e00000|  0%| F|  |TAMS 0x00000000a7d00000, 0x00000000a7d00000| Untracked 
| 126|0x00000000a7e00000, 0x00000000a7e00000, 0x00000000a7f00000|  0%| F|  |TAMS 0x00000000a7e00000, 0x00000000a7e00000| Untracked 
| 127|0x00000000a7f00000, 0x00000000a7f00000, 0x00000000a8000000|  0%| F|  |TAMS 0x00000000a7f00000, 0x00000000a7f00000| Untracked 
| 128|0x00000000a8000000, 0x00000000a8000000, 0x00000000a8100000|  0%| F|  |TAMS 0x00000000a8000000, 0x00000000a8000000| Untracked 
| 129|0x00000000a8100000, 0x00000000a8100000, 0x00000000a8200000|  0%| F|  |TAMS 0x00000000a8100000, 0x00000000a8100000| Untracked 
| 130|0x00000000a8200000, 0x00000000a8200000, 0x00000000a8300000|  0%| F|  |TAMS 0x00000000a8200000, 0x00000000a8200000| Untracked 
| 131|0x00000000a8300000, 0x00000000a8300000, 0x00000000a8400000|  0%| F|  |TAMS 0x00000000a8300000, 0x00000000a8300000| Untracked 
| 132|0x00000000a8400000, 0x00000000a8400000, 0x00000000a8500000|  0%| F|  |TAMS 0x00000000a8400000, 0x00000000a8400000| Untracked 
| 133|0x00000000a8500000, 0x00000000a8500000, 0x00000000a8600000|  0%| F|  |TAMS 0x00000000a8500000, 0x00000000a8500000| Untracked 
| 134|0x00000000a8600000, 0x00000000a8600000, 0x00000000a8700000|  0%| F|  |TAMS 0x00000000a8600000, 0x00000000a8600000| Untracked 
| 135|0x00000000a8700000, 0x00000000a8700000, 0x00000000a8800000|  0%| F|  |TAMS 0x00000000a8700000, 0x00000000a8700000| Untracked 
| 136|0x00000000a8800000, 0x00000000a8800000, 0x00000000a8900000|  0%| F|  |TAMS 0x00000000a8800000, 0x00000000a8800000| Untracked 
| 137|0x00000000a8900000, 0x00000000a8900000, 0x00000000a8a00000|  0%| F|  |TAMS 0x00000000a8900000, 0x00000000a8900000| Untracked 
| 138|0x00000000a8a00000, 0x00000000a8a00000, 0x00000000a8b00000|  0%| F|  |TAMS 0x00000000a8a00000, 0x00000000a8a00000| Untracked 
| 139|0x00000000a8b00000, 0x00000000a8b00000, 0x00000000a8c00000|  0%| F|  |TAMS 0x00000000a8b00000, 0x00000000a8b00000| Untracked 
| 140|0x00000000a8c00000, 0x00000000a8c00000, 0x00000000a8d00000|  0%| F|  |TAMS 0x00000000a8c00000, 0x00000000a8c00000| Untracked 
| 141|0x00000000a8d00000, 0x00000000a8d00000, 0x00000000a8e00000|  0%| F|  |TAMS 0x00000000a8d00000, 0x00000000a8d00000| Untracked 
| 142|0x00000000a8e00000, 0x00000000a8e00000, 0x00000000a8f00000|  0%| F|  |TAMS 0x00000000a8e00000, 0x00000000a8e00000| Untracked 

Card table byte_map: [0x0000022213370000,0x0000022213670000] _byte_map_base: 0x0000022212e70000

Marking Bits (Prev, Next): (CMBitMap*) 0x000002227eb15500, (CMBitMap*) 0x000002227eb154c8
 Prev Bits: [0x0000022215170000, 0x0000022216970000)
 Next Bits: [0x0000022213970000, 0x0000022215170000)

Polling page: 0x0000022200000000

Metaspace:

Usage:
  Non-class:     64.91 MB capacity,    62.88 MB ( 97%) used,     1.85 MB (  3%) free+waste,   187.94 KB ( <1%) overhead. 
      Class:     10.26 MB capacity,     9.36 MB ( 91%) used,   832.70 KB (  8%) free+waste,    89.69 KB ( <1%) overhead. 
       Both:     75.17 MB capacity,    72.24 MB ( 96%) used,     2.66 MB (  4%) free+waste,   277.63 KB ( <1%) overhead. 

Virtual space:
  Non-class space:       66.00 MB reserved,      65.00 MB ( 98%) committed 
      Class space:        1.00 GB reserved,      10.38 MB (  1%) committed 
             Both:        1.06 GB reserved,      75.38 MB (  7%) committed 

Chunk freelists:
   Non-Class:  30.00 KB
       Class:  0 bytes
        Both:  30.00 KB

MaxMetaspaceSize: 17179869184.00 GB
CompressedClassSpaceSize: 1.00 GB

CodeHeap 'non-profiled nmethods': size=120064Kb used=4515Kb max_used=4515Kb free=115548Kb
 bounds [0x000002220b500000, 0x000002220b970000, 0x0000022212a40000]
CodeHeap 'profiled nmethods': size=120000Kb used=18766Kb max_used=18766Kb free=101234Kb
 bounds [0x0000022203fd0000, 0x0000022205230000, 0x000002220b500000]
CodeHeap 'non-nmethods': size=5696Kb used=2258Kb max_used=2311Kb free=3438Kb
 bounds [0x0000022203a40000, 0x0000022203cb0000, 0x0000022203fd0000]
 total_blobs=9467 nmethods=8618 adapters=759
 compilation: enabled
              stopped_count=0, restarted_count=0
 full_count=0

Compilation events (20 events):
Event: 41.740 Thread 0x00000222197c1000 8751       2       java.util.Formatter::getZero (27 bytes)
Event: 41.740 Thread 0x00000222197c1000 nmethod 8751 0x0000022205220d10 code [0x0000022205220ee0, 0x0000022205221058]
Event: 41.741 Thread 0x00000222197c1000 8749   !   2       org.gradle.api.internal.DefaultMutationGuard$2::execute (67 bytes)
Event: 41.741 Thread 0x00000222197c1000 nmethod 8749 0x0000022205221190 code [0x00000222052213c0, 0x0000022205221708]
Event: 41.742 Thread 0x00000222197c1000 8750       2       org.gradle.api.internal.DefaultMutationGuard::access$100 (6 bytes)
Event: 41.742 Thread 0x00000222197c1000 nmethod 8750 0x0000022205221a10 code [0x0000022205221be0, 0x0000022205221d38]
Event: 41.742 Thread 0x00000222197c1000 8752       2       java.util.ArrayList::fastRemove (44 bytes)
Event: 41.743 Thread 0x00000222197c1000 nmethod 8752 0x0000022205221e90 code [0x0000022205222060, 0x00000222052222a8]
Event: 41.743 Thread 0x00000222197c1000 8753       2       java.util.ArrayList::listIterator (10 bytes)
Event: 41.743 Thread 0x00000222197c1000 nmethod 8753 0x0000022205222390 code [0x0000022205222540, 0x0000022205222758]
Event: 41.748 Thread 0x00000222197c1000 8754       1       org.gradle.internal.dispatch.ProxyDispatchAdapter::getSource (5 bytes)
Event: 41.748 Thread 0x00000222197c1000 nmethod 8754 0x000002220b968990 code [0x000002220b968b40, 0x000002220b968bf8]
Event: 41.750 Thread 0x00000222197c1000 8755       2       java.math.BigInteger::bitLengthForInt (8 bytes)
Event: 41.750 Thread 0x00000222197c1000 nmethod 8755 0x0000022205222810 code [0x00000222052229c0, 0x0000022205222ac8]
Event: 41.750 Thread 0x00000222197c1000 8756       2       java.math.MutableBigInteger::toBigInteger (28 bytes)
Event: 41.750 Thread 0x00000222197c1000 nmethod 8756 0x0000022205222b90 code [0x0000022205222d60, 0x0000022205222f38]
Event: 41.779 Thread 0x00000222197c1000 8757       2       jdk.internal.reflect.ClassFileAssembler::opc_aload_2 (24 bytes)
Event: 41.780 Thread 0x00000222197c1000 nmethod 8757 0x0000022205223010 code [0x00000222052231c0, 0x0000022205223348]
Event: 41.781 Thread 0x00000222197c1000 8758       2       org.gradle.api.internal.collections.AbstractIterationOrderRetainingElementSource::estimatedSize (5 bytes)
Event: 41.781 Thread 0x00000222197c1000 nmethod 8758 0x0000022205223490 code [0x0000022205223640, 0x0000022205223748]

GC Heap History (20 events):
Event: 30.306 GC heap after
{Heap after GC invocations=49 (full 0):
 garbage-first heap   total 89088K, used 58608K [0x00000000a0000000, 0x0000000100000000)
  region size 1024K, 2 young (2048K), 2 survivors (2048K)
 Metaspace       used 66658K, capacity 68427K, committed 68608K, reserved 1107968K
  class space    used 8508K, capacity 9096K, committed 9216K, reserved 1048576K
}
Event: 30.863 GC heap before
{Heap before GC invocations=49 (full 0):
 garbage-first heap   total 89088K, used 71920K [0x00000000a0000000, 0x0000000100000000)
  region size 1024K, 15 young (15360K), 2 survivors (2048K)
 Metaspace       used 68054K, capacity 69963K, committed 70144K, reserved 1110016K
  class space    used 8733K, capacity 9413K, committed 9472K, reserved 1048576K
}
Event: 30.869 GC heap after
{Heap after GC invocations=50 (full 0):
 garbage-first heap   total 89088K, used 59577K [0x00000000a0000000, 0x0000000100000000)
  region size 1024K, 2 young (2048K), 2 survivors (2048K)
 Metaspace       used 68054K, capacity 69963K, committed 70144K, reserved 1110016K
  class space    used 8733K, capacity 9413K, committed 9472K, reserved 1048576K
}
Event: 31.388 GC heap before
{Heap before GC invocations=51 (full 0):
 garbage-first heap   total 89088K, used 72889K [0x00000000a0000000, 0x0000000100000000)
  region size 1024K, 15 young (15360K), 2 survivors (2048K)
 Metaspace       used 68761K, capacity 70665K, committed 70784K, reserved 1110016K
  class space    used 8842K, capacity 9516K, committed 9600K, reserved 1048576K
}
Event: 31.397 GC heap after
{Heap after GC invocations=52 (full 0):
 garbage-first heap   total 121856K, used 60632K [0x00000000a0000000, 0x0000000100000000)
  region size 1024K, 2 young (2048K), 2 survivors (2048K)
 Metaspace       used 68761K, capacity 70665K, committed 70784K, reserved 1110016K
  class space    used 8842K, capacity 9516K, committed 9600K, reserved 1048576K
}
Event: 32.971 GC heap before
{Heap before GC invocations=52 (full 0):
 garbage-first heap   total 121856K, used 87256K [0x00000000a0000000, 0x0000000100000000)
  region size 1024K, 28 young (28672K), 2 survivors (2048K)
 Metaspace       used 69899K, capacity 71774K, committed 72064K, reserved 1112064K
  class space    used 9050K, capacity 9758K, committed 9856K, reserved 1048576K
}
Event: 32.991 GC heap after
{Heap after GC invocations=53 (full 0):
 garbage-first heap   total 121856K, used 63230K [0x00000000a0000000, 0x0000000100000000)
  region size 1024K, 4 young (4096K), 4 survivors (4096K)
 Metaspace       used 69899K, capacity 71774K, committed 72064K, reserved 1112064K
  class space    used 9050K, capacity 9758K, committed 9856K, reserved 1048576K
}
Event: 33.772 GC heap before
{Heap before GC invocations=54 (full 0):
 garbage-first heap   total 121856K, used 89854K [0x00000000a0000000, 0x0000000100000000)
  region size 1024K, 30 young (30720K), 4 survivors (4096K)
 Metaspace       used 70737K, capacity 72687K, committed 72960K, reserved 1112064K
  class space    used 9180K, capacity 9944K, committed 9984K, reserved 1048576K
}
Event: 33.796 GC heap after
{Heap after GC invocations=55 (full 0):
 garbage-first heap   total 121856K, used 66015K [0x00000000a0000000, 0x0000000100000000)
  region size 1024K, 3 young (3072K), 3 survivors (3072K)
 Metaspace       used 70737K, capacity 72687K, committed 72960K, reserved 1112064K
  class space    used 9180K, capacity 9944K, committed 9984K, reserved 1048576K
}
Event: 34.930 GC heap before
{Heap before GC invocations=55 (full 0):
 garbage-first heap   total 121856K, used 92639K [0x00000000a0000000, 0x0000000100000000)
  region size 1024K, 29 young (29696K), 3 survivors (3072K)
 Metaspace       used 71544K, capacity 73624K, committed 73856K, reserved 1114112K
  class space    used 9270K, capacity 10033K, committed 10112K, reserved 1048576K
}
Event: 34.943 GC heap after
{Heap after GC invocations=56 (full 0):
 garbage-first heap   total 121856K, used 67633K [0x00000000a0000000, 0x0000000100000000)
  region size 1024K, 2 young (2048K), 2 survivors (2048K)
 Metaspace       used 71544K, capacity 73624K, committed 73856K, reserved 1114112K
  class space    used 9270K, capacity 10033K, committed 10112K, reserved 1048576K
}
Event: 35.509 GC heap before
{Heap before GC invocations=57 (full 0):
 garbage-first heap   total 121856K, used 72753K [0x00000000a0000000, 0x0000000100000000)
  region size 1024K, 8 young (8192K), 2 survivors (2048K)
 Metaspace       used 71783K, capacity 73920K, committed 74112K, reserved 1114112K
  class space    used 9298K, capacity 10043K, committed 10112K, reserved 1048576K
}
Event: 35.522 GC heap after
{Heap after GC invocations=58 (full 0):
 garbage-first heap   total 146432K, used 68458K [0x00000000a0000000, 0x0000000100000000)
  region size 1024K, 3 young (3072K), 3 survivors (3072K)
 Metaspace       used 71783K, capacity 73920K, committed 74112K, reserved 1114112K
  class space    used 9298K, capacity 10043K, committed 10112K, reserved 1048576K
}
Event: 35.929 GC heap before
{Heap before GC invocations=59 (full 0):
 garbage-first heap   total 146432K, used 74602K [0x00000000a0000000, 0x0000000100000000)
  region size 1024K, 8 young (8192K), 3 survivors (3072K)
 Metaspace       used 71784K, capacity 73920K, committed 74112K, reserved 1114112K
  class space    used 9298K, capacity 10043K, committed 10112K, reserved 1048576K
}
Event: 35.964 GC heap after
{Heap after GC invocations=60 (full 0):
 garbage-first heap   total 146432K, used 73620K [0x00000000a0000000, 0x0000000100000000)
  region size 1024K, 5 young (5120K), 5 survivors (5120K)
 Metaspace       used 71784K, capacity 73920K, committed 74112K, reserved 1114112K
  class space    used 9298K, capacity 10043K, committed 10112K, reserved 1048576K
}
Event: 38.417 GC heap before
{Heap before GC invocations=61 (full 0):
 garbage-first heap   total 146432K, used 104340K [0x00000000a0000000, 0x0000000100000000)
  region size 1024K, 33 young (33792K), 5 survivors (5120K)
 Metaspace       used 73008K, capacity 75237K, committed 75264K, reserved 1114112K
  class space    used 9455K, capacity 10219K, committed 10240K, reserved 1048576K
}
Event: 38.465 GC heap after
{Heap after GC invocations=62 (full 0):
 garbage-first heap   total 146432K, used 79324K [0x00000000a0000000, 0x0000000100000000)
  region size 1024K, 4 young (4096K), 4 survivors (4096K)
 Metaspace       used 73008K, capacity 75237K, committed 75264K, reserved 1114112K
  class space    used 9455K, capacity 10219K, committed 10240K, reserved 1048576K
}
Event: 40.097 GC heap before
{Heap before GC invocations=62 (full 0):
 garbage-first heap   total 146432K, used 105948K [0x00000000a0000000, 0x0000000100000000)
  region size 1024K, 31 young (31744K), 4 survivors (4096K)
 Metaspace       used 73598K, capacity 76341K, committed 76544K, reserved 1116160K
  class space    used 9530K, capacity 10396K, committed 10496K, reserved 1048576K
}
Event: 40.136 GC heap after
{Heap after GC invocations=63 (full 0):
 garbage-first heap   total 146432K, used 85994K [0x00000000a0000000, 0x0000000100000000)
  region size 1024K, 4 young (4096K), 4 survivors (4096K)
 Metaspace       used 73598K, capacity 76341K, committed 76544K, reserved 1116160K
  class space    used 9530K, capacity 10396K, committed 10496K, reserved 1048576K
}
Event: 41.787 GC heap before
{Heap before GC invocations=64 (full 0):
 garbage-first heap   total 146432K, used 110570K [0x00000000a0000000, 0x0000000100000000)
  region size 1024K, 29 young (29696K), 4 survivors (4096K)
 Metaspace       used 73974K, capacity 76975K, committed 77184K, reserved 1116160K
  class space    used 9586K, capacity 10509K, committed 10624K, reserved 1048576K
}

Deoptimization events (20 events):
Event: 38.667 Thread 0x000002221a97d000 DEOPT PACKING pc=0x000002220b6497d4 sp=0x000000a613ef8a50
Event: 38.668 Thread 0x000002221a97d000 DEOPT UNPACKING pc=0x0000022203a6662f sp=0x000000a613ef8a30 mode 2
Event: 38.730 Thread 0x000002221a97d000 DEOPT PACKING pc=0x0000022204c49224 sp=0x000000a613ef7fc0
Event: 38.730 Thread 0x000002221a97d000 DEOPT UNPACKING pc=0x0000022203a66dde sp=0x000000a613ef74e0 mode 0
Event: 38.741 Thread 0x000002221a97d000 DEOPT PACKING pc=0x0000022204c49224 sp=0x000000a613ef7fc0
Event: 38.741 Thread 0x000002221a97d000 DEOPT UNPACKING pc=0x0000022203a66dde sp=0x000000a613ef74e0 mode 0
Event: 39.371 Thread 0x000002221a97d000 Uncommon trap: trap_request=0xffffff4d fr.pc=0x000002220b8cbc78 relative=0x0000000000000a18
Event: 39.371 Thread 0x000002221a97d000 Uncommon trap: reason=unstable_if action=reinterpret pc=0x000002220b8cbc78 method=org.gradle.internal.snapshot.VfsRelativePath.hasPrefix(Ljava/lang/String;Lorg/gradle/internal/snapshot/CaseSensitivity;)Z @ 105 c2
Event: 39.371 Thread 0x000002221a97d000 DEOPT PACKING pc=0x000002220b8cbc78 sp=0x000000a613ef9fd0
Event: 39.371 Thread 0x000002221a97d000 DEOPT UNPACKING pc=0x0000022203a6662f sp=0x000000a613ef9f60 mode 2
Event: 40.042 Thread 0x000002221a97d000 DEOPT PACKING pc=0x000002220516098f sp=0x000000a613ef9f20
Event: 40.042 Thread 0x000002221a97d000 DEOPT UNPACKING pc=0x0000022203a66dde sp=0x000000a613ef9448 mode 0
Event: 40.974 Thread 0x000002221a97d000 DEOPT PACKING pc=0x0000022204ad9dd6 sp=0x000000a613efa570
Event: 40.975 Thread 0x000002221a97d000 DEOPT UNPACKING pc=0x0000022203a66dde sp=0x000000a613ef9b10 mode 0
Event: 40.981 Thread 0x000002221a97d000 DEOPT PACKING pc=0x0000022204c952ca sp=0x000000a613ef9b50
Event: 40.981 Thread 0x000002221a97d000 DEOPT UNPACKING pc=0x0000022203a66dde sp=0x000000a613ef8fb0 mode 0
Event: 41.321 Thread 0x000002221a97d000 Uncommon trap: trap_request=0xffffff7e fr.pc=0x000002220b96415c relative=0x000000000000007c
Event: 41.321 Thread 0x000002221a97d000 Uncommon trap: reason=predicate action=maybe_recompile pc=0x000002220b96415c method=java.util.ComparableTimSort.binarySort([Ljava/lang/Object;III)V @ 34 c2
Event: 41.321 Thread 0x000002221a97d000 DEOPT PACKING pc=0x000002220b96415c sp=0x000000a613ef9830
Event: 41.321 Thread 0x000002221a97d000 DEOPT UNPACKING pc=0x0000022203a6662f sp=0x000000a613ef97d8 mode 2

Classes redefined (0 events):
No events

Internal exceptions (20 events):
Event: 41.589 Thread 0x000002221a97d000 Exception <a 'java/security/PrivilegedActionException'{0x00000000a7c11340}> (0x00000000a7c11340) thrown at [./src/hotspot/share/prims/jvm.cpp, line 1306]
Event: 41.589 Thread 0x000002221a97d000 Exception <a 'java/security/PrivilegedActionException'{0x00000000a7c128a8}> (0x00000000a7c128a8) thrown at [./src/hotspot/share/prims/jvm.cpp, line 1306]
Event: 41.589 Thread 0x000002221a97d000 Exception <a 'java/security/PrivilegedActionException'{0x00000000a7c15a78}> (0x00000000a7c15a78) thrown at [./src/hotspot/share/prims/jvm.cpp, line 1306]
Event: 41.589 Thread 0x000002221a97d000 Exception <a 'java/security/PrivilegedActionException'{0x00000000a7c16fe0}> (0x00000000a7c16fe0) thrown at [./src/hotspot/share/prims/jvm.cpp, line 1306]
Event: 41.590 Thread 0x000002221a97d000 Exception <a 'java/security/PrivilegedActionException'{0x00000000a7c1fd90}> (0x00000000a7c1fd90) thrown at [./src/hotspot/share/prims/jvm.cpp, line 1306]
Event: 41.590 Thread 0x000002221a97d000 Exception <a 'java/security/PrivilegedActionException'{0x00000000a7c212f8}> (0x00000000a7c212f8) thrown at [./src/hotspot/share/prims/jvm.cpp, line 1306]
Event: 41.591 Thread 0x000002221a97d000 Exception <a 'java/security/PrivilegedActionException'{0x00000000a7c24470}> (0x00000000a7c24470) thrown at [./src/hotspot/share/prims/jvm.cpp, line 1306]
Event: 41.591 Thread 0x000002221a97d000 Exception <a 'java/security/PrivilegedActionException'{0x00000000a7c259d8}> (0x00000000a7c259d8) thrown at [./src/hotspot/share/prims/jvm.cpp, line 1306]
Event: 41.591 Thread 0x000002221a97d000 Exception <a 'java/security/PrivilegedActionException'{0x00000000a7c28c00}> (0x00000000a7c28c00) thrown at [./src/hotspot/share/prims/jvm.cpp, line 1306]
Event: 41.591 Thread 0x000002221a97d000 Exception <a 'java/security/PrivilegedActionException'{0x00000000a7c2a168}> (0x00000000a7c2a168) thrown at [./src/hotspot/share/prims/jvm.cpp, line 1306]
Event: 41.595 Thread 0x000002221a97d000 Exception <a 'java/lang/ClassNotFoundException'{0x00000000a7c38600}: com/android/build/gradle/internal/dsl/TestOptions_DecoratedBeanInfo> (0x00000000a7c38600) thrown at [./src/hotspot/share/classfile/systemDictionary.cpp, line 231]
Event: 41.596 Thread 0x000002221a97d000 Exception <a 'java/lang/ClassNotFoundException'{0x00000000a7c53858}: com/android/build/gradle/internal/dsl/TestOptionsBeanInfo> (0x00000000a7c53858) thrown at [./src/hotspot/share/classfile/systemDictionary.cpp, line 231]
Event: 41.597 Thread 0x000002221a97d000 Exception <a 'java/lang/ClassNotFoundException'{0x00000000a7c70108}: com/android/build/gradle/internal/dsl/TestOptionsCustomizer> (0x00000000a7c70108) thrown at [./src/hotspot/share/classfile/systemDictionary.cpp, line 231]
Event: 41.600 Thread 0x000002221a97d000 Exception <a 'java/lang/ClassNotFoundException'{0x00000000a7c9a908}: com/android/build/gradle/internal/dsl/TestOptions_DecoratedCustomizer> (0x00000000a7c9a908) thrown at [./src/hotspot/share/classfile/systemDictionary.cpp, line 231]
Event: 41.605 Thread 0x000002221a97d000 Exception <a 'java/lang/ClassNotFoundException'{0x00000000a7cfdca0}: com/android/build/gradle/internal/dsl/TestOptions$UnitTestOptions_DecoratedBeanInfo> (0x00000000a7cfdca0) thrown at [./src/hotspot/share/classfile/systemDictionary.cpp, line 231]
Event: 41.606 Thread 0x000002221a97d000 Exception <a 'java/lang/ClassNotFoundException'{0x00000000a7b1c1d8}: com/android/build/gradle/internal/dsl/TestOptions$UnitTestOptionsBeanInfo> (0x00000000a7b1c1d8) thrown at [./src/hotspot/share/classfile/systemDictionary.cpp, line 231]
Event: 41.607 Thread 0x000002221a97d000 Exception <a 'java/lang/ClassNotFoundException'{0x00000000a7b3b5c0}: com/android/build/gradle/internal/dsl/TestOptions$UnitTestOptionsCustomizer> (0x00000000a7b3b5c0) thrown at [./src/hotspot/share/classfile/systemDictionary.cpp, line 231]
Event: 41.608 Thread 0x000002221a97d000 Exception <a 'java/lang/ClassNotFoundException'{0x00000000a7b634b0}: com/android/build/gradle/internal/dsl/TestOptions$UnitTestOptions_DecoratedCustomizer> (0x00000000a7b634b0) thrown at [./src/hotspot/share/classfile/systemDictionary.cpp, line 231]
Event: 41.763 Thread 0x000002221a97d000 Exception <a 'java/lang/ClassNotFoundException'{0x00000000a7606d08}: build_7myunr2a302tf2befy1qggte9BeanInfo> (0x00000000a7606d08) thrown at [./src/hotspot/share/classfile/systemDictionary.cpp, line 231]
Event: 41.764 Thread 0x000002221a97d000 Exception <a 'java/lang/ClassNotFoundException'{0x00000000a760fb10}: build_7myunr2a302tf2befy1qggte9Customizer> (0x00000000a760fb10) thrown at [./src/hotspot/share/classfile/systemDictionary.cpp, line 231]

Events (20 events):
Event: 41.711 loading class com/android/build/api/component/impl/UnitTestPropertiesImpl done
Event: 41.712 loading class com/android/build/api/component/impl/UnitTestPropertiesImpl
Event: 41.712 loading class com/android/build/api/component/impl/UnitTestPropertiesImpl done
Event: 41.760 loading class groovy/runtime/metaclass/build_7myunr2a302tf2befy1qggte9MetaClass
Event: 41.760 loading class groovy/runtime/metaclass/build_7myunr2a302tf2befy1qggte9MetaClass done
Event: 41.763 loading class build_7myunr2a302tf2befy1qggte9BeanInfo
Event: 41.763 loading class build_7myunr2a302tf2befy1qggte9BeanInfo done
Event: 41.763 loading class build_7myunr2a302tf2befy1qggte9BeanInfo
Event: 41.763 loading class build_7myunr2a302tf2befy1qggte9BeanInfo done
Event: 41.763 loading class build_7myunr2a302tf2befy1qggte9Customizer
Event: 41.763 loading class build_7myunr2a302tf2befy1qggte9Customizer done
Event: 41.764 loading class build_7myunr2a302tf2befy1qggte9Customizer
Event: 41.764 loading class build_7myunr2a302tf2befy1qggte9Customizer done
Event: 41.767 loading class groovy/runtime/metaclass/build_7myunr2a302tf2befy1qggte9$_run_closure1MetaClass
Event: 41.767 loading class groovy/runtime/metaclass/build_7myunr2a302tf2befy1qggte9$_run_closure1MetaClass done
Event: 41.768 loading class groovy/runtime/metaclass/build_7myunr2a302tf2befy1qggte9$_run_closure1$_closure2MetaClass
Event: 41.768 loading class groovy/runtime/metaclass/build_7myunr2a302tf2befy1qggte9$_run_closure1$_closure2MetaClass done
Event: 41.770 loading class groovy/runtime/metaclass/build_7myunr2a302tf2befy1qggte9$_run_closure1$_closure3MetaClass
Event: 41.770 loading class groovy/runtime/metaclass/build_7myunr2a302tf2befy1qggte9$_run_closure1$_closure3MetaClass done
Event: 41.786 Executing VM operation: G1CollectForAllocation


Dynamic libraries:
0x00007ff6de430000 - 0x00007ff6de43a000 	C:\Program Files\Android\Android Studio\jre\bin\java.exe
0x00007ff91fc50000 - 0x00007ff91fe45000 	C:\WINDOWS\SYSTEM32\ntdll.dll
0x00007ff91eba0000 - 0x00007ff91ec5d000 	C:\WINDOWS\System32\KERNEL32.DLL
0x00007ff91d870000 - 0x00007ff91db3d000 	C:\WINDOWS\System32\KERNELBASE.dll
0x00007ff91d3b0000 - 0x00007ff91d4b0000 	C:\WINDOWS\System32\ucrtbase.dll
0x00007ff9101a0000 - 0x00007ff9101b9000 	C:\Program Files\Android\Android Studio\jre\bin\jli.dll
0x00007ff91dcd0000 - 0x00007ff91de70000 	C:\WINDOWS\System32\USER32.dll
0x00007ff91d6f0000 - 0x00007ff91d712000 	C:\WINDOWS\System32\win32u.dll
0x00007ff91dca0000 - 0x00007ff91dcca000 	C:\WINDOWS\System32\GDI32.dll
0x00007ff91d570000 - 0x00007ff91d67b000 	C:\WINDOWS\System32\gdi32full.dll
0x00007ff9114f0000 - 0x00007ff911507000 	C:\Program Files\Android\Android Studio\jre\bin\VCRUNTIME140.dll
0x00007ff91d720000 - 0x00007ff91d7bd000 	C:\WINDOWS\System32\msvcp_win.dll
0x00007ff91c770000 - 0x00007ff91ca0a000 	C:\WINDOWS\WinSxS\amd64_microsoft.windows.common-controls_6595b64144ccf1df_6.0.19041.1110_none_60b5254171f9507e\COMCTL32.dll
0x00007ff91ea50000 - 0x00007ff91eaee000 	C:\WINDOWS\System32\msvcrt.dll
0x00007ff91f820000 - 0x00007ff91f850000 	C:\WINDOWS\System32\IMM32.DLL
0x00007ff909590000 - 0x00007ff90962d000 	C:\Program Files\Android\Android Studio\jre\bin\msvcp140.dll
0x00007ff8e27e0000 - 0x00007ff8e32b5000 	C:\Program Files\Android\Android Studio\jre\bin\server\jvm.dll
0x00007ff91eaf0000 - 0x00007ff91eb9e000 	C:\WINDOWS\System32\ADVAPI32.dll
0x00007ff91e370000 - 0x00007ff91e40c000 	C:\WINDOWS\System32\sechost.dll
0x00007ff91fae0000 - 0x00007ff91fc05000 	C:\WINDOWS\System32\RPCRT4.dll
0x00007ff91e300000 - 0x00007ff91e308000 	C:\WINDOWS\System32\PSAPI.DLL
0x00007ff91b7a0000 - 0x00007ff91b7a9000 	C:\WINDOWS\SYSTEM32\WSOCK32.dll
0x00007ff91f750000 - 0x00007ff91f7bb000 	C:\WINDOWS\System32\WS2_32.dll
0x00007ff9052f0000 - 0x00007ff905317000 	C:\WINDOWS\SYSTEM32\WINMM.dll
0x00007ff919cb0000 - 0x00007ff919cba000 	C:\WINDOWS\SYSTEM32\VERSION.dll
0x00007ff91af10000 - 0x00007ff91af22000 	C:\WINDOWS\SYSTEM32\kernel.appcore.dll
0x00007ff910180000 - 0x00007ff910191000 	C:\Program Files\Android\Android Studio\jre\bin\verify.dll
0x00007ff91cd90000 - 0x00007ff91cf74000 	C:\WINDOWS\SYSTEM32\DBGHELP.DLL
0x00007ff91cce0000 - 0x00007ff91cd0c000 	C:\WINDOWS\SYSTEM32\dbgcore.DLL
0x00007ff91d4e0000 - 0x00007ff91d562000 	C:\WINDOWS\System32\bcryptPrimitives.dll
0x00007ff909ad0000 - 0x00007ff909af9000 	C:\Program Files\Android\Android Studio\jre\bin\java.dll
0x00007ff914f60000 - 0x00007ff914f6b000 	C:\Program Files\Android\Android Studio\jre\bin\jimage.dll
0x00007ff907990000 - 0x00007ff9079a8000 	C:\Program Files\Android\Android Studio\jre\bin\zip.dll
0x00007ff91f000000 - 0x00007ff91f744000 	C:\WINDOWS\System32\SHELL32.dll
0x00007ff91a760000 - 0x00007ff91aef4000 	C:\WINDOWS\SYSTEM32\windows.storage.dll
0x00007ff91e6f0000 - 0x00007ff91ea44000 	C:\WINDOWS\System32\combase.dll
0x00007ff91c6d0000 - 0x00007ff91c6fc000 	C:\WINDOWS\SYSTEM32\Wldp.dll
0x00007ff91ee10000 - 0x00007ff91eebd000 	C:\WINDOWS\System32\SHCORE.dll
0x00007ff91eec0000 - 0x00007ff91ef15000 	C:\WINDOWS\System32\shlwapi.dll
0x00007ff91d2a0000 - 0x00007ff91d2bf000 	C:\WINDOWS\SYSTEM32\profapi.dll
0x00007ff907970000 - 0x00007ff90798a000 	C:\Program Files\Android\Android Studio\jre\bin\net.dll
0x00007ff91a610000 - 0x00007ff91a71a000 	C:\WINDOWS\SYSTEM32\WINHTTP.dll
0x00007ff91c5a0000 - 0x00007ff91c60a000 	C:\WINDOWS\system32\mswsock.dll
0x00007ff907950000 - 0x00007ff907964000 	C:\Program Files\Android\Android Studio\jre\bin\nio.dll
0x00007ff902890000 - 0x00007ff9028b6000 	C:\Users\Anass\.gradle\native\fdc75f09e3144964f2cf3f50f0aa648679c211496f362492102eb8c894070792\windows-amd64\native-platform.dll
0x00007ff8e2640000 - 0x00007ff8e27d1000 	C:\Users\Anass\.gradle\native\12488b8bf47d2d4c9fbf2f6322a914ad602e24e48041cd04a747c6da556b65c4\windows-amd64\native-platform-file-events.dll
0x00007ff9114e0000 - 0x00007ff9114ea000 	C:\Program Files\Android\Android Studio\jre\bin\management.dll
0x00007ff9105a0000 - 0x00007ff9105ad000 	C:\Program Files\Android\Android Studio\jre\bin\management_ext.dll
0x00007ff91d0f0000 - 0x00007ff91d108000 	C:\WINDOWS\SYSTEM32\CRYPTSP.dll
0x00007ff91bdd0000 - 0x00007ff91be04000 	C:\WINDOWS\system32\rsaenh.dll
0x00007ff91d4b0000 - 0x00007ff91d4d7000 	C:\WINDOWS\System32\bcrypt.dll
0x00007ff91d260000 - 0x00007ff91d28e000 	C:\WINDOWS\SYSTEM32\USERENV.dll
0x00007ff91c510000 - 0x00007ff91c51c000 	C:\WINDOWS\SYSTEM32\CRYPTBASE.dll
0x00007ff91c120000 - 0x00007ff91c15b000 	C:\WINDOWS\SYSTEM32\IPHLPAPI.DLL
0x00007ff91ef20000 - 0x00007ff91ef28000 	C:\WINDOWS\System32\NSI.dll
0x00007ff913b30000 - 0x00007ff913b47000 	C:\WINDOWS\SYSTEM32\dhcpcsvc6.DLL
0x00007ff913c20000 - 0x00007ff913c3d000 	C:\WINDOWS\SYSTEM32\dhcpcsvc.DLL
0x00007ff91c160000 - 0x00007ff91c22b000 	C:\WINDOWS\SYSTEM32\DNSAPI.dll
0x00007ff914b30000 - 0x00007ff914b3b000 	C:\WINDOWS\SYSTEM32\WINNSI.DLL

dbghelp: loaded successfully - version: 4.0.5 - missing functions: none
symbol engine: initialized successfully - sym options: 0x614 - pdb path: .;C:\Program Files\Android\Android Studio\jre\bin;C:\WINDOWS\SYSTEM32;C:\WINDOWS\WinSxS\amd64_microsoft.windows.common-controls_6595b64144ccf1df_6.0.19041.1110_none_60b5254171f9507e;C:\Program Files\Android\Android Studio\jre\bin\server;C:\Users\Anass\.gradle\native\fdc75f09e3144964f2cf3f50f0aa648679c211496f362492102eb8c894070792\windows-amd64;C:\Users\Anass\.gradle\native\12488b8bf47d2d4c9fbf2f6322a914ad602e24e48041cd04a747c6da556b65c4\windows-amd64

VM Arguments:
jvm_args: --add-opens=java.base/java.util=ALL-UNNAMED --add-opens=java.base/java.lang=ALL-UNNAMED --add-opens=java.base/java.lang.invoke=ALL-UNNAMED --add-opens=java.prefs/java.util.prefs=ALL-UNNAMED -Xmx1536M -Dfile.encoding=windows-1252 -Duser.country=US -Duser.language=en -Duser.variant 
java_command: org.gradle.launcher.daemon.bootstrap.GradleDaemon 6.7
java_class_path (initial): C:\Users\Anass\.gradle\wrapper\dists\gradle-6.7-all\cuy9mc7upwgwgeb72wkcrupxe\gradle-6.7\lib\gradle-launcher-6.7.jar
Launcher Type: SUN_STANDARD

[Global flags]
     intx CICompilerCount                          = 3                                         {product} {ergonomic}
     uint ConcGCThreads                            = 1                                         {product} {ergonomic}
     uint G1ConcRefinementThreads                  = 4                                         {product} {ergonomic}
   size_t G1HeapRegionSize                         = 1048576                                   {product} {ergonomic}
    uintx GCDrainStackTargetSize                   = 64                                        {product} {ergonomic}
   size_t InitialHeapSize                          = 62914560                                  {product} {ergonomic}
   size_t MarkStackSize                            = 4194304                                   {product} {ergonomic}
   size_t MaxHeapSize                              = 1610612736                                {product} {command line}
   size_t MaxNewSize                               = 965738496                                 {product} {ergonomic}
   size_t MinHeapDeltaBytes                        = 1048576                                   {product} {ergonomic}
    uintx NonNMethodCodeHeapSize                   = 5830732                                {pd product} {ergonomic}
    uintx NonProfiledCodeHeapSize                  = 122913754                              {pd product} {ergonomic}
    uintx ProfiledCodeHeapSize                     = 122913754                              {pd product} {ergonomic}
    uintx ReservedCodeCacheSize                    = 251658240                              {pd product} {ergonomic}
     bool SegmentedCodeCache                       = true                                      {product} {ergonomic}
     bool UseCompressedClassPointers               = true                                 {lp64_product} {ergonomic}
     bool UseCompressedOops                        = true                                 {lp64_product} {ergonomic}
     bool UseG1GC                                  = true                                      {product} {ergonomic}
     bool UseLargePagesIndividualAllocation        = false                                  {pd product} {ergonomic}

Logging:
Log output configuration:
 #0: stdout all=warning uptime,level,tags
 #1: stderr all=off uptime,level,tags

Environment Variables:
JAVA_HOME=C:\Program Files\Android\Android Studio\jre
CLASSPATH=C:\Users\Anass\Developpement\Rento\android\\gradle\wrapper\gradle-wrapper.jar
PATH=C:\WINDOWS\system32;C:\WINDOWS;C:\WINDOWS\System32\Wbem;C:\WINDOWS\System32\WindowsPowerShell\v1.0\;C:\WINDOWS\system32;C:\WINDOWS;C:\WINDOWS\System32\Wbem;C:\WINDOWS\System32\WindowsPowerShell\v1.0\;C:\WINDOWS\System32\OpenSSH\;C:\Program Files\Java\jre1.8.0_311\bin;C:\Program Files\Java\jdk-17.0.1\bin;C:\Program Files\Git\cmd;C:\Users\Anass\AppData\Local\Microsoft\WindowsApps;C:\Users\Anass\AppData\Local\Programs\Microsoft VS Code\bin;C:\flutter\bin;C:\flutter\bin\mingit\cmd
USERNAME=Anass
OS=Windows_NT
PROCESSOR_IDENTIFIER=Intel64 Family 6 Model 69 Stepping 1, GenuineIntel



---------------  S Y S T E M  ---------------

OS: Windows 10 , 64 bit Build 19041 (10.0.19041.1706)
OS uptime: 0 days 0:52 hours

CPU:total 4 (initial active 4) (2 cores per cpu, 2 threads per core) family 6 model 69 stepping 1 microcode 0x25, cmov, cx8, fxsr, mmx, sse, sse2, sse3, ssse3, sse4.1, sse4.2, popcnt, avx, avx2, aes, clmul, erms, lzcnt, ht, tsc, tscinvbit, bmi1, bmi2, fma

Memory: 4k page, system-wide physical 3783M (79M free)
TotalPageFile size 17746M (AvailPageFile size 64M)
current process WorkingSet (physical memory assigned to process): 229M, peak: 264M
current process commit charge ("private bytes"): 404M, peak: 446M

vm_info: OpenJDK 64-Bit Server VM (11.0.11+9-b60-7590822) for windows-amd64 JRE (11.0.11+9-b60-7590822), built on Jul 29 2021 21:43:44 by "builder" with MS VC++ 14.0 (VS2015)

END.
