#
# There is insufficient memory for the Java Runtime Environment to continue.
# Native memory allocation (malloc) failed to allocate 441296 bytes for Chunk::new
# Possible reasons:
#   The system is out of physical RAM or swap space
#   The process is running with CompressedOops enabled, and the Java Heap may be blocking the growth of the native heap
# Possible solutions:
#   Reduce memory load on the system
#   Increase physical memory or swap space
#   Check if swap backing store is full
#   Decrease Java heap size (-Xmx/-Xms)
#   Decrease number of Java threads
#   Decrease Java thread stack sizes (-Xss)
#   Set larger code cache with -XX:ReservedCodeCacheSize=
#   JVM is running with Unscaled Compressed Oops mode in which the Java heap is
#     placed in the first 4GB address space. The Java Heap base address is the
#     maximum limit for the native heap growth. Please use -XX:HeapBaseMinAddress
#     to set the Java Heap base and to place the Java Heap above 4GB virtual address.
# This output file may be truncated or incomplete.
#
#  Out of Memory Error (./src/hotspot/share/memory/arena.cpp:197), pid=7788, tid=10992
#
# JRE version: OpenJDK Runtime Environment (11.0.11+9) (build 11.0.11+9-b60-7590822)
# Java VM: OpenJDK 64-Bit Server VM (11.0.11+9-b60-7590822, mixed mode, tiered, compressed oops, g1 gc, windows-amd64)
# No core dump will be written. Minidumps are not enabled by default on client versions of Windows
#

---------------  S U M M A R Y ------------

Command Line: -Dorg.gradle.appname=gradlew org.gradle.wrapper.GradleWrapperMain -q -Ptarget-platform=android-arm64 -Ptarget=C:\Users\Anass\Developpement\Rento\lib\main.dart -Pbase-application-name=android.app.Application -Pdart-defines=RkxVVFRFUl9XRUJfQVVUT19ERVRFQ1Q9dHJ1ZQ== -Pdart-obfuscation=false -Ptrack-widget-creation=true -Ptree-shake-icons=false -Pfilesystem-scheme=org-dartlang-root assembleDebug

Host: Intel(R) Core(TM) i5-4300U CPU @ 1.90GHz, 4 cores, 3G,  Windows 10 , 64 bit Build 19041 (10.0.19041.1706)
Time: Mon May 30 17:04:53 2022 W. Central Africa Standard Time elapsed time: 5.139230 seconds (0d 0h 0m 5s)

---------------  T H R E A D  ---------------

Current thread (0x0000023e255a0800):  JavaThread "C2 CompilerThread0" daemon [_thread_in_native, id=10992, stack(0x00000079c0600000,0x00000079c0700000)]


Current CompileTask:
C2:   5139 1039 %     4       sun.security.provider.SHA::implCompress0 @ 3 (482 bytes)

Stack: [0x00000079c0600000,0x00000079c0700000]
Native frames: (J=compiled Java code, j=interpreted, Vv=VM code, C=native code)
V  [jvm.dll+0x5f214a]
V  [jvm.dll+0x726fb5]
V  [jvm.dll+0x7285cd]
V  [jvm.dll+0x728c83]
V  [jvm.dll+0x243278]
V  [jvm.dll+0xbc53c]
V  [jvm.dll+0xbca3c]
V  [jvm.dll+0x2b5c34]
V  [jvm.dll+0x508488]
V  [jvm.dll+0x203d53]
V  [jvm.dll+0x1fdbac]
V  [jvm.dll+0x1fb35f]
V  [jvm.dll+0x183d6c]
V  [jvm.dll+0x209a57]
V  [jvm.dll+0x2082a1]
V  [jvm.dll+0x6ef58f]
V  [jvm.dll+0x6e80b5]
V  [jvm.dll+0x5f1036]
C  [ucrtbase.dll+0x21bb2]
C  [KERNEL32.DLL+0x17034]
C  [ntdll.dll+0x52651]


---------------  P R O C E S S  ---------------

Threads class SMR info:
_java_thread_list=0x0000023e26124f40, length=11, elements={
0x0000023e0da6e000, 0x0000023e25514800, 0x0000023e25537000, 0x0000023e25553000,
0x0000023e25558000, 0x0000023e25559000, 0x0000023e255a0800, 0x0000023e25708800,
0x0000023e255de000, 0x0000023e25806800, 0x0000023e26220800
}

Java Threads: ( => current thread )
  0x0000023e0da6e000 JavaThread "main" [_thread_in_vm, id=17972, stack(0x00000079bfa00000,0x00000079bfb00000)]
  0x0000023e25514800 JavaThread "Reference Handler" daemon [_thread_blocked, id=18096, stack(0x00000079c0100000,0x00000079c0200000)]
  0x0000023e25537000 JavaThread "Finalizer" daemon [_thread_blocked, id=19004, stack(0x00000079c0200000,0x00000079c0300000)]
  0x0000023e25553000 JavaThread "Signal Dispatcher" daemon [_thread_blocked, id=14496, stack(0x00000079c0300000,0x00000079c0400000)]
  0x0000023e25558000 JavaThread "Attach Listener" daemon [_thread_blocked, id=17412, stack(0x00000079c0400000,0x00000079c0500000)]
  0x0000023e25559000 JavaThread "Service Thread" daemon [_thread_blocked, id=15416, stack(0x00000079c0500000,0x00000079c0600000)]
=>0x0000023e255a0800 JavaThread "C2 CompilerThread0" daemon [_thread_in_native, id=10992, stack(0x00000079c0600000,0x00000079c0700000)]
  0x0000023e25708800 JavaThread "C1 CompilerThread0" daemon [_thread_blocked, id=19052, stack(0x00000079c0700000,0x00000079c0800000)]
  0x0000023e255de000 JavaThread "Sweeper thread" daemon [_thread_blocked, id=4864, stack(0x00000079c0800000,0x00000079c0900000)]
  0x0000023e25806800 JavaThread "Common-Cleaner" daemon [_thread_blocked, id=16316, stack(0x00000079c0a00000,0x00000079c0b00000)]
  0x0000023e26220800 JavaThread "pool-1-thread-1" [_thread_blocked, id=19168, stack(0x00000079c0c00000,0x00000079c0d00000)]

Other Threads:
  0x0000023e25511000 VMThread "VM Thread" [stack: 0x00000079c0000000,0x00000079c0100000] [id=14736]
  0x0000023e257fe000 WatcherThread [stack: 0x00000079c0900000,0x00000079c0a00000] [id=9160]
  0x0000023e0da86000 GCTaskThread "GC Thread#0" [stack: 0x00000079bfb00000,0x00000079bfc00000] [id=17620]
  0x0000023e25d4e000 GCTaskThread "GC Thread#1" [stack: 0x00000079c0b00000,0x00000079c0c00000] [id=1764]
  0x0000023e2619d800 GCTaskThread "GC Thread#2" [stack: 0x00000079c0d00000,0x00000079c0e00000] [id=18436]
  0x0000023e26185000 GCTaskThread "GC Thread#3" [stack: 0x00000079c0e00000,0x00000079c0f00000] [id=19316]
  0x0000023e0da9f000 ConcurrentGCThread "G1 Main Marker" [stack: 0x00000079bfc00000,0x00000079bfd00000] [id=14428]
  0x0000023e0daa1800 ConcurrentGCThread "G1 Conc#0" [stack: 0x00000079bfd00000,0x00000079bfe00000] [id=16680]
  0x0000023e0dae7000 ConcurrentGCThread "G1 Refine#0" [stack: 0x00000079bfe00000,0x00000079bff00000] [id=19148]
  0x0000023e0dae8000 ConcurrentGCThread "G1 Young RemSet Sampling" [stack: 0x00000079bff00000,0x00000079c0000000] [id=5404]

Threads with active compile tasks:
C2 CompilerThread0   5186 1039 %     4       sun.security.provider.SHA::implCompress0 @ 3 (482 bytes)

VM state:not at safepoint (normal execution)

VM Mutex/Monitor currently owned by a thread:  ([mutex/lock_event])
[0x0000023e0da69f90] MetaspaceExpand_lock - owner thread: 0x0000023e0da6e000

Heap address: 0x00000000c4e00000, size: 946 MB, Compressed Oops mode: 32-bit
Narrow klass base: 0x0000000000000000, Narrow klass shift: 3
Compressed class space size: 1073741824 Address: 0x0000000100000000

Heap:
 garbage-first heap   total 61440K, used 13872K [0x00000000c4e00000, 0x0000000100000000)
  region size 1024K, 7 young (7168K), 1 survivors (1024K)
 Metaspace       used 13303K, capacity 13539K, committed 13696K, reserved 1060864K
  class space    used 1524K, capacity 1622K, committed 1664K, reserved 1048576K
Heap Regions: E=young(eden), S=young(survivor), O=old, HS=humongous(starts), HC=humongous(continues), CS=collection set, F=free, A=archive, TAMS=top-at-mark-start (previous, next)
|   0|0x00000000c4e00000, 0x00000000c4f00000, 0x00000000c4f00000|100%| O|  |TAMS 0x00000000c4e00000, 0x00000000c4e00000| Untracked 
|   1|0x00000000c4f00000, 0x00000000c4faf600, 0x00000000c5000000| 68%| O|  |TAMS 0x00000000c4f00000, 0x00000000c4f00000| Untracked 
|   2|0x00000000c5000000, 0x00000000c5000000, 0x00000000c5100000|  0%| F|  |TAMS 0x00000000c5000000, 0x00000000c5000000| Untracked 
|   3|0x00000000c5100000, 0x00000000c5200000, 0x00000000c5200000|100%|HS|  |TAMS 0x00000000c5100000, 0x00000000c5100000| Complete 
|   4|0x00000000c5200000, 0x00000000c5300000, 0x00000000c5300000|100%|HC|  |TAMS 0x00000000c5200000, 0x00000000c5200000| Complete 
|   5|0x00000000c5300000, 0x00000000c5400000, 0x00000000c5400000|100%|HC|  |TAMS 0x00000000c5300000, 0x00000000c5300000| Complete 
|   6|0x00000000c5400000, 0x00000000c5500000, 0x00000000c5500000|100%| O|  |TAMS 0x00000000c5400000, 0x00000000c5400000| Untracked 
|   7|0x00000000c5500000, 0x00000000c5600000, 0x00000000c5600000|100%| O|  |TAMS 0x00000000c5500000, 0x00000000c5500000| Untracked 
|   8|0x00000000c5600000, 0x00000000c5700000, 0x00000000c5700000|100%| O|  |TAMS 0x00000000c5600000, 0x00000000c5600000| Untracked 
|   9|0x00000000c5700000, 0x00000000c5700000, 0x00000000c5800000|  0%| F|  |TAMS 0x00000000c5700000, 0x00000000c5700000| Untracked 
|  10|0x00000000c5800000, 0x00000000c5800000, 0x00000000c5900000|  0%| F|  |TAMS 0x00000000c5800000, 0x00000000c5800000| Untracked 
|  11|0x00000000c5900000, 0x00000000c5900000, 0x00000000c5a00000|  0%| F|  |TAMS 0x00000000c5900000, 0x00000000c5900000| Untracked 
|  12|0x00000000c5a00000, 0x00000000c5a00000, 0x00000000c5b00000|  0%| F|  |TAMS 0x00000000c5a00000, 0x00000000c5a00000| Untracked 
|  13|0x00000000c5b00000, 0x00000000c5b00000, 0x00000000c5c00000|  0%| F|  |TAMS 0x00000000c5b00000, 0x00000000c5b00000| Untracked 
|  14|0x00000000c5c00000, 0x00000000c5c00000, 0x00000000c5d00000|  0%| F|  |TAMS 0x00000000c5c00000, 0x00000000c5c00000| Untracked 
|  15|0x00000000c5d00000, 0x00000000c5d00000, 0x00000000c5e00000|  0%| F|  |TAMS 0x00000000c5d00000, 0x00000000c5d00000| Untracked 
|  16|0x00000000c5e00000, 0x00000000c5e00000, 0x00000000c5f00000|  0%| F|  |TAMS 0x00000000c5e00000, 0x00000000c5e00000| Untracked 
|  17|0x00000000c5f00000, 0x00000000c5f00000, 0x00000000c6000000|  0%| F|  |TAMS 0x00000000c5f00000, 0x00000000c5f00000| Untracked 
|  18|0x00000000c6000000, 0x00000000c6000000, 0x00000000c6100000|  0%| F|  |TAMS 0x00000000c6000000, 0x00000000c6000000| Untracked 
|  19|0x00000000c6100000, 0x00000000c6100000, 0x00000000c6200000|  0%| F|  |TAMS 0x00000000c6100000, 0x00000000c6100000| Untracked 
|  20|0x00000000c6200000, 0x00000000c6200000, 0x00000000c6300000|  0%| F|  |TAMS 0x00000000c6200000, 0x00000000c6200000| Untracked 
|  21|0x00000000c6300000, 0x00000000c6300000, 0x00000000c6400000|  0%| F|  |TAMS 0x00000000c6300000, 0x00000000c6300000| Untracked 
|  22|0x00000000c6400000, 0x00000000c6400000, 0x00000000c6500000|  0%| F|  |TAMS 0x00000000c6400000, 0x00000000c6400000| Untracked 
|  23|0x00000000c6500000, 0x00000000c6500000, 0x00000000c6600000|  0%| F|  |TAMS 0x00000000c6500000, 0x00000000c6500000| Untracked 
|  24|0x00000000c6600000, 0x00000000c6600000, 0x00000000c6700000|  0%| F|  |TAMS 0x00000000c6600000, 0x00000000c6600000| Untracked 
|  25|0x00000000c6700000, 0x00000000c6700000, 0x00000000c6800000|  0%| F|  |TAMS 0x00000000c6700000, 0x00000000c6700000| Untracked 
|  26|0x00000000c6800000, 0x00000000c6800000, 0x00000000c6900000|  0%| F|  |TAMS 0x00000000c6800000, 0x00000000c6800000| Untracked 
|  27|0x00000000c6900000, 0x00000000c6900000, 0x00000000c6a00000|  0%| F|  |TAMS 0x00000000c6900000, 0x00000000c6900000| Untracked 
|  28|0x00000000c6a00000, 0x00000000c6a00000, 0x00000000c6b00000|  0%| F|  |TAMS 0x00000000c6a00000, 0x00000000c6a00000| Untracked 
|  29|0x00000000c6b00000, 0x00000000c6b00000, 0x00000000c6c00000|  0%| F|  |TAMS 0x00000000c6b00000, 0x00000000c6b00000| Untracked 
|  30|0x00000000c6c00000, 0x00000000c6c00000, 0x00000000c6d00000|  0%| F|  |TAMS 0x00000000c6c00000, 0x00000000c6c00000| Untracked 
|  31|0x00000000c6d00000, 0x00000000c6d00000, 0x00000000c6e00000|  0%| F|  |TAMS 0x00000000c6d00000, 0x00000000c6d00000| Untracked 
|  32|0x00000000c6e00000, 0x00000000c6e00000, 0x00000000c6f00000|  0%| F|  |TAMS 0x00000000c6e00000, 0x00000000c6e00000| Untracked 
|  33|0x00000000c6f00000, 0x00000000c6f00000, 0x00000000c7000000|  0%| F|  |TAMS 0x00000000c6f00000, 0x00000000c6f00000| Untracked 
|  34|0x00000000c7000000, 0x00000000c7000000, 0x00000000c7100000|  0%| F|  |TAMS 0x00000000c7000000, 0x00000000c7000000| Untracked 
|  35|0x00000000c7100000, 0x00000000c7100000, 0x00000000c7200000|  0%| F|  |TAMS 0x00000000c7100000, 0x00000000c7100000| Untracked 
|  36|0x00000000c7200000, 0x00000000c7200000, 0x00000000c7300000|  0%| F|  |TAMS 0x00000000c7200000, 0x00000000c7200000| Untracked 
|  37|0x00000000c7300000, 0x00000000c7300000, 0x00000000c7400000|  0%| F|  |TAMS 0x00000000c7300000, 0x00000000c7300000| Untracked 
|  38|0x00000000c7400000, 0x00000000c7400000, 0x00000000c7500000|  0%| F|  |TAMS 0x00000000c7400000, 0x00000000c7400000| Untracked 
|  39|0x00000000c7500000, 0x00000000c7500000, 0x00000000c7600000|  0%| F|  |TAMS 0x00000000c7500000, 0x00000000c7500000| Untracked 
|  40|0x00000000c7600000, 0x00000000c7600000, 0x00000000c7700000|  0%| F|  |TAMS 0x00000000c7600000, 0x00000000c7600000| Untracked 
|  41|0x00000000c7700000, 0x00000000c7700000, 0x00000000c7800000|  0%| F|  |TAMS 0x00000000c7700000, 0x00000000c7700000| Untracked 
|  42|0x00000000c7800000, 0x00000000c7800000, 0x00000000c7900000|  0%| F|  |TAMS 0x00000000c7800000, 0x00000000c7800000| Untracked 
|  43|0x00000000c7900000, 0x00000000c7900000, 0x00000000c7a00000|  0%| F|  |TAMS 0x00000000c7900000, 0x00000000c7900000| Untracked 
|  44|0x00000000c7a00000, 0x00000000c7a00000, 0x00000000c7b00000|  0%| F|  |TAMS 0x00000000c7a00000, 0x00000000c7a00000| Untracked 
|  45|0x00000000c7b00000, 0x00000000c7b00000, 0x00000000c7c00000|  0%| F|  |TAMS 0x00000000c7b00000, 0x00000000c7b00000| Untracked 
|  46|0x00000000c7c00000, 0x00000000c7c00000, 0x00000000c7d00000|  0%| F|  |TAMS 0x00000000c7c00000, 0x00000000c7c00000| Untracked 
|  47|0x00000000c7d00000, 0x00000000c7ddca88, 0x00000000c7e00000| 86%| S|CS|TAMS 0x00000000c7d00000, 0x00000000c7d00000| Complete 
|  48|0x00000000c7e00000, 0x00000000c7e00000, 0x00000000c7f00000|  0%| F|  |TAMS 0x00000000c7e00000, 0x00000000c7e00000| Untracked 
|  49|0x00000000c7f00000, 0x00000000c7f00000, 0x00000000c8000000|  0%| F|  |TAMS 0x00000000c7f00000, 0x00000000c7f00000| Untracked 
|  50|0x00000000c8000000, 0x00000000c8000000, 0x00000000c8100000|  0%| F|  |TAMS 0x00000000c8000000, 0x00000000c8000000| Untracked 
|  51|0x00000000c8100000, 0x00000000c8100000, 0x00000000c8200000|  0%| F|  |TAMS 0x00000000c8100000, 0x00000000c8100000| Untracked 
|  52|0x00000000c8200000, 0x00000000c8200000, 0x00000000c8300000|  0%| F|  |TAMS 0x00000000c8200000, 0x00000000c8200000| Untracked 
|  53|0x00000000c8300000, 0x00000000c8300000, 0x00000000c8400000|  0%| F|  |TAMS 0x00000000c8300000, 0x00000000c8300000| Untracked 
|  54|0x00000000c8400000, 0x00000000c84deac0, 0x00000000c8500000| 86%| E|  |TAMS 0x00000000c8400000, 0x00000000c8400000| Complete 
|  55|0x00000000c8500000, 0x00000000c8600000, 0x00000000c8600000|100%| E|CS|TAMS 0x00000000c8500000, 0x00000000c8500000| Complete 
|  56|0x00000000c8600000, 0x00000000c8700000, 0x00000000c8700000|100%| E|CS|TAMS 0x00000000c8600000, 0x00000000c8600000| Complete 
|  57|0x00000000c8700000, 0x00000000c8800000, 0x00000000c8800000|100%| E|CS|TAMS 0x00000000c8700000, 0x00000000c8700000| Complete 
|  58|0x00000000c8800000, 0x00000000c8900000, 0x00000000c8900000|100%| E|CS|TAMS 0x00000000c8800000, 0x00000000c8800000| Complete 
|  59|0x00000000c8900000, 0x00000000c8a00000, 0x00000000c8a00000|100%| E|CS|TAMS 0x00000000c8900000, 0x00000000c8900000| Complete 

Card table byte_map: [0x0000023e20750000,0x0000023e20930000] _byte_map_base: 0x0000023e20129000

Marking Bits (Prev, Next): (CMBitMap*) 0x0000023e0da9aa98, (CMBitMap*) 0x0000023e0da9aad0
 Prev Bits: [0x0000023e20b10000, 0x0000023e219d8000)
 Next Bits: [0x0000023e219e0000, 0x0000023e228a8000)

Polling page: 0x0000023e0b7d0000

Metaspace:

Usage:
  Non-class:     11.64 MB capacity,    11.50 MB ( 99%) used,   120.67 KB (  1%) free+waste,    17.31 KB ( <1%) overhead. 
      Class:      1.58 MB capacity,     1.49 MB ( 94%) used,    89.04 KB (  5%) free+waste,     8.63 KB ( <1%) overhead. 
       Both:     13.22 MB capacity,    12.99 MB ( 98%) used,   209.71 KB (  2%) free+waste,    25.94 KB ( <1%) overhead. 

Virtual space:
  Non-class space:       12.00 MB reserved,      11.75 MB ( 98%) committed 
      Class space:        1.00 GB reserved,       1.63 MB ( <1%) committed 
             Both:        1.01 GB reserved,      13.38 MB (  1%) committed 

Chunk freelists:
   Non-Class:  51.00 KB
       Class:  10.00 KB
        Both:  61.00 KB

MaxMetaspaceSize: 17179869184.00 GB
CompressedClassSpaceSize: 1.00 GB

CodeHeap 'non-profiled nmethods': size=120064Kb used=354Kb max_used=354Kb free=119709Kb
 bounds [0x0000023e19030000, 0x0000023e192a0000, 0x0000023e20570000]
CodeHeap 'profiled nmethods': size=120000Kb used=1928Kb max_used=1928Kb free=118071Kb
 bounds [0x0000023e11b00000, 0x0000023e11d70000, 0x0000023e19030000]
CodeHeap 'non-nmethods': size=5696Kb used=1083Kb max_used=1095Kb free=4612Kb
 bounds [0x0000023e11570000, 0x0000023e117e0000, 0x0000023e11b00000]
 total_blobs=1447 nmethods=1054 adapters=305
 compilation: enabled
              stopped_count=0, restarted_count=0
 full_count=0

Compilation events (20 events):
Event: 5.114 Thread 0x0000023e255a0800 1039 %     4       sun.security.provider.SHA::implCompress0 @ 3 (482 bytes)
Event: 5.115 Thread 0x0000023e25708800 nmethod 1038 0x0000023e11cd8410 code [0x0000023e11cd8680, 0x0000023e11cd9408]
Event: 5.116 Thread 0x0000023e25708800 1040       3       sun.nio.fs.WindowsDirectoryStream$WindowsDirectoryIterator::isSelfOrParent (24 bytes)
Event: 5.117 Thread 0x0000023e25708800 nmethod 1040 0x0000023e11cd9910 code [0x0000023e11cd9ae0, 0x0000023e11cd9cf8]
Event: 5.117 Thread 0x0000023e25708800 1041   !   3       sun.nio.fs.WindowsDirectoryStream$WindowsDirectoryIterator::acceptEntry (71 bytes)
Event: 5.118 Thread 0x0000023e25708800 nmethod 1041 0x0000023e11cd9e10 code [0x0000023e11cda0a0, 0x0000023e11cdaac8]
Event: 5.118 Thread 0x0000023e25708800 1042   !   3       sun.nio.fs.WindowsPath::createFromNormalizedPath (65 bytes)
Event: 5.119 Thread 0x0000023e25708800 nmethod 1042 0x0000023e11cdaf90 code [0x0000023e11cdb200, 0x0000023e11cdbd78]
Event: 5.119 Thread 0x0000023e25708800 1043       3       sun.nio.fs.WindowsPathParser::parseNormalizedPath (6 bytes)
Event: 5.119 Thread 0x0000023e25708800 nmethod 1043 0x0000023e11cdc210 code [0x0000023e11cdc3c0, 0x0000023e11cdc4c8]
Event: 5.119 Thread 0x0000023e25708800 1044       3       sun.nio.fs.WindowsPath$WindowsPathWithAttributes::<init> (23 bytes)
Event: 5.120 Thread 0x0000023e25708800 nmethod 1044 0x0000023e11cdc590 code [0x0000023e11cdc7a0, 0x0000023e11cdcdf8]
Event: 5.120 Thread 0x0000023e25708800 1045       3       java.nio.file.Files$AcceptAllFilter::accept (9 bytes)
Event: 5.120 Thread 0x0000023e25708800 nmethod 1045 0x0000023e11cdd010 code [0x0000023e11cdd1e0, 0x0000023e11cdd458]
Event: 5.128 Thread 0x0000023e25708800 1046       3       sun.nio.fs.WindowsDirectoryStream$WindowsDirectoryIterator::next (5 bytes)
Event: 5.129 Thread 0x0000023e25708800 nmethod 1046 0x0000023e11cdd510 code [0x0000023e11cdd6c0, 0x0000023e11cdd808]
Event: 5.129 Thread 0x0000023e25708800 1047   !   3       sun.nio.fs.WindowsDirectoryStream$WindowsDirectoryIterator::readNextEntry (199 bytes)
Event: 5.130 Thread 0x0000023e25708800 nmethod 1047 0x0000023e11cdd890 code [0x0000023e11cddb40, 0x0000023e11cde718]
Event: 5.133 Thread 0x0000023e25708800 1048       1       java.util.concurrent.atomic.AtomicLong::get (5 bytes)
Event: 5.134 Thread 0x0000023e25708800 nmethod 1048 0x0000023e19088610 code [0x0000023e190887c0, 0x0000023e19088878]

GC Heap History (4 events):
Event: 1.820 GC heap before
{Heap before GC invocations=0 (full 0):
 garbage-first heap   total 61440K, used 19456K [0x00000000c4e00000, 0x0000000100000000)
  region size 1024K, 14 young (14336K), 0 survivors (0K)
 Metaspace       used 8103K, capacity 8337K, committed 8576K, reserved 1056768K
  class space    used 741K, capacity 818K, committed 896K, reserved 1048576K
}
Event: 1.836 GC heap after
{Heap after GC invocations=1 (full 0):
 garbage-first heap   total 61440K, used 7824K [0x00000000c4e00000, 0x0000000100000000)
  region size 1024K, 2 young (2048K), 2 survivors (2048K)
 Metaspace       used 8103K, capacity 8337K, committed 8576K, reserved 1056768K
  class space    used 741K, capacity 818K, committed 896K, reserved 1048576K
}
Event: 3.201 GC heap before
{Heap before GC invocations=1 (full 0):
 garbage-first heap   total 61440K, used 20112K [0x00000000c4e00000, 0x0000000100000000)
  region size 1024K, 14 young (14336K), 2 survivors (2048K)
 Metaspace       used 11657K, capacity 11882K, committed 12160K, reserved 1060864K
  class space    used 1285K, capacity 1365K, committed 1408K, reserved 1048576K
}
Event: 3.231 GC heap after
{Heap after GC invocations=2 (full 0):
 garbage-first heap   total 61440K, used 8752K [0x00000000c4e00000, 0x0000000100000000)
  region size 1024K, 1 young (1024K), 1 survivors (1024K)
 Metaspace       used 11657K, capacity 11882K, committed 12160K, reserved 1060864K
  class space    used 1285K, capacity 1365K, committed 1408K, reserved 1048576K
}

Deoptimization events (20 events):
Event: 2.454 Thread 0x0000023e0da6e000 DEOPT PACKING pc=0x0000023e1904d868 sp=0x00000079bfafde90
Event: 2.454 Thread 0x0000023e0da6e000 DEOPT UNPACKING pc=0x0000023e1159662f sp=0x00000079bfafde38 mode 2
Event: 2.454 Thread 0x0000023e0da6e000 Uncommon trap: trap_request=0xffffffde fr.pc=0x0000023e1904d868 relative=0x00000000000003c8
Event: 2.454 Thread 0x0000023e0da6e000 Uncommon trap: reason=class_check action=maybe_recompile pc=0x0000023e1904d868 method=java.util.regex.Matcher.match(II)Z @ 121 c2
Event: 2.454 Thread 0x0000023e0da6e000 DEOPT PACKING pc=0x0000023e1904d868 sp=0x00000079bfafdd10
Event: 2.454 Thread 0x0000023e0da6e000 DEOPT UNPACKING pc=0x0000023e1159662f sp=0x00000079bfafdcb8 mode 2
Event: 2.454 Thread 0x0000023e0da6e000 Uncommon trap: trap_request=0xffffffde fr.pc=0x0000023e1904d868 relative=0x00000000000003c8
Event: 2.454 Thread 0x0000023e0da6e000 Uncommon trap: reason=class_check action=maybe_recompile pc=0x0000023e1904d868 method=java.util.regex.Matcher.match(II)Z @ 121 c2
Event: 2.454 Thread 0x0000023e0da6e000 DEOPT PACKING pc=0x0000023e1904d868 sp=0x00000079bfafdd10
Event: 2.454 Thread 0x0000023e0da6e000 DEOPT UNPACKING pc=0x0000023e1159662f sp=0x00000079bfafdcb8 mode 2
Event: 3.654 Thread 0x0000023e0da6e000 Uncommon trap: trap_request=0xffffff4d fr.pc=0x0000023e19077070 relative=0x00000000000001b0
Event: 3.654 Thread 0x0000023e0da6e000 Uncommon trap: reason=unstable_if action=reinterpret pc=0x0000023e19077070 method=java.util.HashMap.getNode(ILjava/lang/Object;)Ljava/util/HashMap$Node; @ 129 c2
Event: 3.654 Thread 0x0000023e0da6e000 DEOPT PACKING pc=0x0000023e19077070 sp=0x00000079bfafb540
Event: 3.654 Thread 0x0000023e0da6e000 DEOPT UNPACKING pc=0x0000023e1159662f sp=0x00000079bfafb440 mode 2
Event: 3.654 Thread 0x0000023e0da6e000 Uncommon trap: trap_request=0xffffffde fr.pc=0x0000023e1905fdac relative=0x0000000000000f0c
Event: 3.654 Thread 0x0000023e0da6e000 Uncommon trap: reason=class_check action=maybe_recompile pc=0x0000023e1905fdac method=java.util.HashMap.putVal(ILjava/lang/Object;Ljava/lang/Object;ZZ)Ljava/lang/Object; @ 203 c2
Event: 3.654 Thread 0x0000023e0da6e000 DEOPT PACKING pc=0x0000023e1905fdac sp=0x00000079bfafb4c0
Event: 3.654 Thread 0x0000023e0da6e000 DEOPT UNPACKING pc=0x0000023e1159662f sp=0x00000079bfafb450 mode 2
Event: 3.655 Thread 0x0000023e0da6e000 DEOPT PACKING pc=0x0000023e11b96f7f sp=0x00000079bfaf9310
Event: 3.655 Thread 0x0000023e0da6e000 DEOPT UNPACKING pc=0x0000023e11596dde sp=0x00000079bfaf8760 mode 0

Classes redefined (0 events):
No events

Internal exceptions (9 events):
Event: 0.666 Thread 0x0000023e0da6e000 Exception <a 'java/lang/NoSuchMethodError'{0x00000000c88888f8}: 'int java.lang.invoke.DirectMethodHandle$Holder.invokeSpecialIFC(java.lang.Object, java.lang.Object, int)'> (0x00000000c88888f8) thrown at [./src/hotspot/share/interpreter/linkResolver.cpp, line 773]
Event: 0.880 Thread 0x0000023e0da6e000 Exception <a 'java/lang/NoSuchMethodError'{0x00000000c860bc08}: 'int java.lang.invoke.DirectMethodHandle$Holder.invokeStaticInit(java.lang.Object, java.lang.Object)'> (0x00000000c860bc08) thrown at [./src/hotspot/share/interpreter/linkResolver.cpp, line 773]
Event: 1.069 Thread 0x0000023e0da6e000 Exception <a 'java/lang/NoSuchMethodError'{0x00000000c86c7288}: 'int java.lang.invoke.DirectMethodHandle$Holder.invokeSpecial(java.lang.Object, java.lang.Object, java.lang.Object, java.lang.Object)'> (0x00000000c86c7288) thrown at [./src/hotspot/share/interpreter/linkResolver.cpp, line 773]
Event: 2.533 Thread 0x0000023e0da6e000 Exception <a 'java/lang/NoClassDefFoundError'{0x00000000c85dbcd0}: org/slf4j/impl/StaticMarkerBinder> (0x00000000c85dbcd0) thrown at [./src/hotspot/share/classfile/systemDictionary.cpp, line 220]
Event: 2.564 Thread 0x0000023e0da6e000 Exception <a 'java/lang/NoSuchMethodError'{0x00000000c8473fe0}: 'java.lang.Object java.lang.invoke.DirectMethodHandle$Holder.invokeVirtual(java.lang.Object, java.lang.Object, java.lang.Object, java.lang.Object, java.lang.Object)'> (0x00000000c8473fe0) thrown at [./src/hotspot/share/interpreter/linkResolver.cpp, line 773]
Event: 3.014 Thread 0x0000023e0da6e000 Exception <a 'java/lang/NoSuchMethodError'{0x00000000c8008e58}: 'java.lang.Object java.lang.invoke.Invokers$Holder.invoker(java.lang.Object, java.lang.Object, java.lang.Object, java.lang.Object, java.lang.Object)'> (0x00000000c8008e58) thrown at [./src/hotspot/share/interpreter/linkResolver.cpp, line 773]
Event: 3.031 Thread 0x0000023e0da6e000 Exception <a 'java/lang/NoSuchMethodError'{0x00000000c8019bc0}: 'void java.lang.invoke.DelegatingMethodHandle$Holder.delegate(java.lang.Object, java.lang.Object, int, java.lang.Object)'> (0x00000000c8019bc0) thrown at [./src/hotspot/share/interpreter/linkResolver.cpp, line 773]
Event: 3.320 Thread 0x0000023e0da6e000 Exception <a 'java/lang/NoSuchMethodError'{0x00000000c8994d28}: 'java.lang.Object java.lang.invoke.DirectMethodHandle$Holder.invokeStaticInit(java.lang.Object, java.lang.Object, java.lang.Object)'> (0x00000000c8994d28) thrown at [./src/hotspot/share/interpreter/linkResolver.cpp, line 773]
Event: 3.761 Thread 0x0000023e0da6e000 Exception <a 'java/lang/NoSuchMethodError'{0x00000000c85921c8}: 'java.lang.Object java.lang.invoke.DirectMethodHandle$Holder.invokeStaticInit(java.lang.Object, int, int, int, int)'> (0x00000000c85921c8) thrown at [./src/hotspot/share/interpreter/linkResolver.cpp, line 773]

Events (20 events):
Event: 3.820 loading class java/net/DefaultInterface
Event: 3.820 loading class java/net/DefaultInterface done
Event: 4.965 loading class java/net/NetworkInterface$2
Event: 4.965 loading class java/net/NetworkInterface$2 done
Event: 4.988 loading class java/nio/file/Files$AcceptAllFilter
Event: 4.989 loading class java/nio/file/DirectoryStream$Filter
Event: 4.992 loading class java/nio/file/DirectoryStream$Filter done
Event: 4.992 loading class java/nio/file/Files$AcceptAllFilter done
Event: 4.992 loading class sun/nio/fs/WindowsDirectoryStream
Event: 4.994 loading class java/nio/file/DirectoryStream
Event: 4.994 loading class java/nio/file/DirectoryStream done
Event: 4.994 loading class sun/nio/fs/WindowsDirectoryStream done
Event: 5.023 loading class sun/nio/fs/WindowsDirectoryStream$WindowsDirectoryIterator
Event: 5.024 loading class sun/nio/fs/WindowsDirectoryStream$WindowsDirectoryIterator done
Event: 5.024 loading class sun/nio/fs/WindowsPath$WindowsPathWithAttributes
Event: 5.024 loading class sun/nio/fs/BasicFileAttributesHolder
Event: 5.028 loading class sun/nio/fs/BasicFileAttributesHolder done
Event: 5.028 loading class sun/nio/fs/WindowsPath$WindowsPathWithAttributes done
Event: 5.029 Executing VM operation: Deoptimize
Event: 5.029 Executing VM operation: Deoptimize done


Dynamic libraries:
0x00007ff6de430000 - 0x00007ff6de43a000 	C:\Program Files\Android\Android Studio\jre\bin\java.exe
0x00007ff91fc50000 - 0x00007ff91fe45000 	C:\WINDOWS\SYSTEM32\ntdll.dll
0x00007ff91eba0000 - 0x00007ff91ec5d000 	C:\WINDOWS\System32\KERNEL32.DLL
0x00007ff91d870000 - 0x00007ff91db3d000 	C:\WINDOWS\System32\KERNELBASE.dll
0x00007ff91d3b0000 - 0x00007ff91d4b0000 	C:\WINDOWS\System32\ucrtbase.dll
0x00007ff9101a0000 - 0x00007ff9101b9000 	C:\Program Files\Android\Android Studio\jre\bin\jli.dll
0x00007ff91dcd0000 - 0x00007ff91de70000 	C:\WINDOWS\System32\USER32.dll
0x00007ff91d6f0000 - 0x00007ff91d712000 	C:\WINDOWS\System32\win32u.dll
0x00007ff91dca0000 - 0x00007ff91dcca000 	C:\WINDOWS\System32\GDI32.dll
0x00007ff91d570000 - 0x00007ff91d67b000 	C:\WINDOWS\System32\gdi32full.dll
0x00007ff9114f0000 - 0x00007ff911507000 	C:\Program Files\Android\Android Studio\jre\bin\VCRUNTIME140.dll
0x00007ff91c770000 - 0x00007ff91ca0a000 	C:\WINDOWS\WinSxS\amd64_microsoft.windows.common-controls_6595b64144ccf1df_6.0.19041.1110_none_60b5254171f9507e\COMCTL32.dll
0x00007ff91ea50000 - 0x00007ff91eaee000 	C:\WINDOWS\System32\msvcrt.dll
0x00007ff91d720000 - 0x00007ff91d7bd000 	C:\WINDOWS\System32\msvcp_win.dll
0x00007ff91f820000 - 0x00007ff91f850000 	C:\WINDOWS\System32\IMM32.DLL
0x00007ff909590000 - 0x00007ff90962d000 	C:\Program Files\Android\Android Studio\jre\bin\msvcp140.dll
0x00007ff8e27e0000 - 0x00007ff8e32b5000 	C:\Program Files\Android\Android Studio\jre\bin\server\jvm.dll
0x00007ff91eaf0000 - 0x00007ff91eb9e000 	C:\WINDOWS\System32\ADVAPI32.dll
0x00007ff91e370000 - 0x00007ff91e40c000 	C:\WINDOWS\System32\sechost.dll
0x00007ff91fae0000 - 0x00007ff91fc05000 	C:\WINDOWS\System32\RPCRT4.dll
0x00007ff91e300000 - 0x00007ff91e308000 	C:\WINDOWS\System32\PSAPI.DLL
0x00007ff91b7a0000 - 0x00007ff91b7a9000 	C:\WINDOWS\SYSTEM32\WSOCK32.dll
0x00007ff91f750000 - 0x00007ff91f7bb000 	C:\WINDOWS\System32\WS2_32.dll
0x00007ff919cb0000 - 0x00007ff919cba000 	C:\WINDOWS\SYSTEM32\VERSION.dll
0x00007ff9052f0000 - 0x00007ff905317000 	C:\WINDOWS\SYSTEM32\WINMM.dll
0x00007ff91af10000 - 0x00007ff91af22000 	C:\WINDOWS\SYSTEM32\kernel.appcore.dll
0x00007ff910180000 - 0x00007ff910191000 	C:\Program Files\Android\Android Studio\jre\bin\verify.dll
0x00007ff91cd90000 - 0x00007ff91cf74000 	C:\WINDOWS\SYSTEM32\DBGHELP.DLL
0x00007ff91cce0000 - 0x00007ff91cd0c000 	C:\WINDOWS\SYSTEM32\dbgcore.DLL
0x00007ff91d4e0000 - 0x00007ff91d562000 	C:\WINDOWS\System32\bcryptPrimitives.dll
0x00007ff909ad0000 - 0x00007ff909af9000 	C:\Program Files\Android\Android Studio\jre\bin\java.dll
0x00007ff914f60000 - 0x00007ff914f6b000 	C:\Program Files\Android\Android Studio\jre\bin\jimage.dll
0x00007ff907990000 - 0x00007ff9079a8000 	C:\Program Files\Android\Android Studio\jre\bin\zip.dll
0x00007ff91f000000 - 0x00007ff91f744000 	C:\WINDOWS\System32\SHELL32.dll
0x00007ff91a760000 - 0x00007ff91aef4000 	C:\WINDOWS\SYSTEM32\windows.storage.dll
0x00007ff91e6f0000 - 0x00007ff91ea44000 	C:\WINDOWS\System32\combase.dll
0x00007ff91c6d0000 - 0x00007ff91c6fc000 	C:\WINDOWS\SYSTEM32\Wldp.dll
0x00007ff91ee10000 - 0x00007ff91eebd000 	C:\WINDOWS\System32\SHCORE.dll
0x00007ff91eec0000 - 0x00007ff91ef15000 	C:\WINDOWS\System32\shlwapi.dll
0x00007ff91d2a0000 - 0x00007ff91d2bf000 	C:\WINDOWS\SYSTEM32\profapi.dll
0x00007ff907970000 - 0x00007ff90798a000 	C:\Program Files\Android\Android Studio\jre\bin\net.dll
0x00007ff91a610000 - 0x00007ff91a71a000 	C:\WINDOWS\SYSTEM32\WINHTTP.dll
0x00007ff91c5a0000 - 0x00007ff91c60a000 	C:\WINDOWS\system32\mswsock.dll
0x00007ff907950000 - 0x00007ff907964000 	C:\Program Files\Android\Android Studio\jre\bin\nio.dll
0x00007ff902890000 - 0x00007ff9028b6000 	C:\Users\Anass\.gradle\native\fdc75f09e3144964f2cf3f50f0aa648679c211496f362492102eb8c894070792\windows-amd64\native-platform.dll
0x00007ff8e2640000 - 0x00007ff8e27d1000 	C:\Users\Anass\.gradle\native\12488b8bf47d2d4c9fbf2f6322a914ad602e24e48041cd04a747c6da556b65c4\windows-amd64\native-platform-file-events.dll
0x00007ff9114e0000 - 0x00007ff9114ea000 	C:\Program Files\Android\Android Studio\jre\bin\management.dll
0x00007ff9105a0000 - 0x00007ff9105ad000 	C:\Program Files\Android\Android Studio\jre\bin\management_ext.dll
0x00007ff91d0f0000 - 0x00007ff91d108000 	C:\WINDOWS\SYSTEM32\CRYPTSP.dll
0x00007ff91bdd0000 - 0x00007ff91be04000 	C:\WINDOWS\system32\rsaenh.dll
0x00007ff91d4b0000 - 0x00007ff91d4d7000 	C:\WINDOWS\System32\bcrypt.dll
0x00007ff91d260000 - 0x00007ff91d28e000 	C:\WINDOWS\SYSTEM32\USERENV.dll
0x00007ff91c510000 - 0x00007ff91c51c000 	C:\WINDOWS\SYSTEM32\CRYPTBASE.dll
0x00007ff91c120000 - 0x00007ff91c15b000 	C:\WINDOWS\SYSTEM32\IPHLPAPI.DLL
0x00007ff91ef20000 - 0x00007ff91ef28000 	C:\WINDOWS\System32\NSI.dll
0x00007ff913b30000 - 0x00007ff913b47000 	C:\WINDOWS\SYSTEM32\dhcpcsvc6.DLL
0x00007ff913c20000 - 0x00007ff913c3d000 	C:\WINDOWS\SYSTEM32\dhcpcsvc.DLL
0x00007ff91c160000 - 0x00007ff91c22b000 	C:\WINDOWS\SYSTEM32\DNSAPI.dll

dbghelp: loaded successfully - version: 4.0.5 - missing functions: none
symbol engine: initialized successfully - sym options: 0x614 - pdb path: .;C:\Program Files\Android\Android Studio\jre\bin;C:\WINDOWS\SYSTEM32;C:\WINDOWS\WinSxS\amd64_microsoft.windows.common-controls_6595b64144ccf1df_6.0.19041.1110_none_60b5254171f9507e;C:\Program Files\Android\Android Studio\jre\bin\server;C:\Users\Anass\.gradle\native\fdc75f09e3144964f2cf3f50f0aa648679c211496f362492102eb8c894070792\windows-amd64;C:\Users\Anass\.gradle\native\12488b8bf47d2d4c9fbf2f6322a914ad602e24e48041cd04a747c6da556b65c4\windows-amd64

VM Arguments:
jvm_args: -Dorg.gradle.appname=gradlew 
java_command: org.gradle.wrapper.GradleWrapperMain -q -Ptarget-platform=android-arm64 -Ptarget=C:\Users\Anass\Developpement\Rento\lib\main.dart -Pbase-application-name=android.app.Application -Pdart-defines=RkxVVFRFUl9XRUJfQVVUT19ERVRFQ1Q9dHJ1ZQ== -Pdart-obfuscation=false -Ptrack-widget-creation=true -Ptree-shake-icons=false -Pfilesystem-scheme=org-dartlang-root assembleDebug
java_class_path (initial): C:\Users\Anass\Developpement\Rento\android\\gradle\wrapper\gradle-wrapper.jar
Launcher Type: SUN_STANDARD

[Global flags]
     intx CICompilerCount                          = 3                                         {product} {ergonomic}
     uint ConcGCThreads                            = 1                                         {product} {ergonomic}
     uint G1ConcRefinementThreads                  = 4                                         {product} {ergonomic}
   size_t G1HeapRegionSize                         = 1048576                                   {product} {ergonomic}
    uintx GCDrainStackTargetSize                   = 64                                        {product} {ergonomic}
   size_t InitialHeapSize                          = 62914560                                  {product} {ergonomic}
   size_t MarkStackSize                            = 4194304                                   {product} {ergonomic}
   size_t MaxHeapSize                              = 991952896                                 {product} {ergonomic}
   size_t MaxNewSize                               = 594542592                                 {product} {ergonomic}
   size_t MinHeapDeltaBytes                        = 1048576                                   {product} {ergonomic}
    uintx NonNMethodCodeHeapSize                   = 5830732                                {pd product} {ergonomic}
    uintx NonProfiledCodeHeapSize                  = 122913754                              {pd product} {ergonomic}
    uintx ProfiledCodeHeapSize                     = 122913754                              {pd product} {ergonomic}
    uintx ReservedCodeCacheSize                    = 251658240                              {pd product} {ergonomic}
     bool SegmentedCodeCache                       = true                                      {product} {ergonomic}
     bool UseCompressedClassPointers               = true                                 {lp64_product} {ergonomic}
     bool UseCompressedOops                        = true                                 {lp64_product} {ergonomic}
     bool UseG1GC                                  = true                                      {product} {ergonomic}
     bool UseLargePagesIndividualAllocation        = false                                  {pd product} {ergonomic}

Logging:
Log output configuration:
 #0: stdout all=warning uptime,level,tags
 #1: stderr all=off uptime,level,tags

Environment Variables:
JAVA_HOME=C:\Program Files\Android\Android Studio\jre
CLASSPATH=C:\Users\Anass\Developpement\Rento\android\\gradle\wrapper\gradle-wrapper.jar
PATH=C:\WINDOWS\system32;C:\WINDOWS;C:\WINDOWS\System32\Wbem;C:\WINDOWS\System32\WindowsPowerShell\v1.0\;C:\WINDOWS\system32;C:\WINDOWS;C:\WINDOWS\System32\Wbem;C:\WINDOWS\System32\WindowsPowerShell\v1.0\;C:\WINDOWS\System32\OpenSSH\;C:\Program Files\Java\jre1.8.0_311\bin;C:\Program Files\Java\jdk-17.0.1\bin;C:\Program Files\Git\cmd;C:\Users\Anass\AppData\Local\Microsoft\WindowsApps;C:\Users\Anass\AppData\Local\Programs\Microsoft VS Code\bin;C:\flutter\bin;C:\flutter\bin\mingit\cmd
USERNAME=Anass
OS=Windows_NT
PROCESSOR_IDENTIFIER=Intel64 Family 6 Model 69 Stepping 1, GenuineIntel



---------------  S Y S T E M  ---------------

OS: Windows 10 , 64 bit Build 19041 (10.0.19041.1706)
OS uptime: 0 days 1:04 hours

CPU:total 4 (initial active 4) (2 cores per cpu, 2 threads per core) family 6 model 69 stepping 1 microcode 0x25, cmov, cx8, fxsr, mmx, sse, sse2, sse3, ssse3, sse4.1, sse4.2, popcnt, avx, avx2, aes, clmul, erms, lzcnt, ht, tsc, tscinvbit, bmi1, bmi2, fma

Memory: 4k page, system-wide physical 3783M (84M free)
TotalPageFile size 17746M (AvailPageFile size 0M)
current process WorkingSet (physical memory assigned to process): 81M, peak: 81M
current process commit charge ("private bytes"): 146M, peak: 147M

vm_info: OpenJDK 64-Bit Server VM (11.0.11+9-b60-7590822) for windows-amd64 JRE (11.0.11+9-b60-7590822), built on Jul 29 2021 21:43:44 by "builder" with MS VC++ 14.0 (VS2015)

END.
